5 0 101 135 198 284 
1 1 
1 2 
1 3 
9 4 125 138 160 180 204 229 254 283 
1 5 
1 6 
9 7 127 139 159 176 200 222 247 270 
8 8 126 142 164 189 218 238 267 
1 9 
1 10 
1 11 
1 12 
3 13 178 251 
1 14 
3 15 226 295 
1 16 
1 17 
3 18 248 294 
1 19 
1 20 
1 21 
1 22 
1 23 
44 24 144 148 151 152 154 158 161 163 166 169 172 173 177 186 188 191 193 196 199 203 206 211 217 219 221 223 230 233 235 237 243 249 253 256 260 262 266 269 273 282 287 291 296 
1 25 
1 26 
1 27 
1 28 
1 29 
1 30 
1 31 
1 32 
4 33 115 179 275 
17 34 100 105 110 117 124 133 143 155 167 184 195 212 225 239 259 276 
1 35 
8 36 103 116 137 171 208 250 299 
1 37 
3 38 257 274 
1 39 
1 40 
9 41 106 118 134 157 185 215 240 277 
1 42 
1 43 
2 44 290 
1 45 
1 46 
1 47 
1 48 
1 49 
1 50 
1 51 
1 52 
1 53 
5 54 109 147 205 279 
1 55 
6 56 231 241 258 268 289 
2 57 285 
4 58 192 228 264 
1 59 
2 60 278 
1 61 
4 62 165 214 263 
2 63 288 
1 64 
7 65 102 119 145 183 224 272 
1 66 
1 67 
1 68 
1 69 
1 70 
1 71 
7 72 123 141 168 197 232 265 
1 73 
2 74 246 
4 75 132 201 292 
1 76 
1 77 
1 78 
1 79 
4 80 129 181 244 
1 81 
1 82 
1 83 
1 84 
5 85 112 149 207 280 
1 86 
8 87 107 122 146 174 216 252 298 
8 88 114 131 153 182 213 242 281 
1 89 
1 90 
1 91 
3 92 190 236 
1 93 
1 94 
3 95 209 293 
1 96 
1 97 
1 98 
29 99 104 108 111 113 120 121 128 130 136 140 150 156 162 170 175 187 194 202 210 220 227 234 245 255 261 271 286 297 
