2 0 4504 
10 1 740 941 1238 1607 2084 2677 3356 4116 4930 
27 2 1338 1426 1516 1634 1743 1861 2008 2143 2281 2430 2587 2748 2923 3102 3287 3455 3642 3835 4054 4250 4453 4675 4885 5087 5320 5557 
12 3 1555 1809 2082 2405 2743 3119 3511 3922 4357 4819 5287 
3 4 4617 5157 
6 5 2651 3282 3967 4717 5513 
2 6 5059 
16 7 2732 2904 3084 3256 3424 3629 3812 4031 4227 4422 4640 4855 5061 5292 5526 
5 8 4217 4585 4956 5346 
7 9 4089 4336 4604 4884 5155 5454 
9 10 1416 1749 2166 2654 3191 3781 4418 5091 
13 11 1509 1738 2011 2301 2609 2955 3325 3702 4121 4541 4979 5448 
6 12 4156 4492 4831 5173 5541 
4 13 4137 4818 5550 
4 14 3427 4318 5272 
11 15 1285 1533 1851 2229 2643 3110 3612 4145 4708 5298 
4 16 3919 4552 5225 
14 17 1655 1860 2112 2382 2658 2954 3285 3616 3966 4327 4706 5085 5507 
3 18 4551 5616 
62 19 454 464 473 485 498 506 524 537 553 573 593 611 643 665 691 725 755 793 829 865 919 958 1012 1071 1128 1192 1255 1320 1386 1462 1525 1617 1703 1793 1883 1983 2079 2193 2312 2414 2534 2659 2771 2910 3045 3173 3316 3437 3596 3737 3878 4042 4185 4344 4507 4665 4825 4982 5147 5318 5499 
6 20 5006 5132 5275 5417 5562 
7 21 1397 1840 2420 3109 3866 4724 
17 22 1731 1907 2092 2300 2506 2727 2964 3205 3454 3720 4008 4278 4564 4862 5164 5487 
3 23 1906 5468 
31 24 410 422 441 461 483 509 545 585 641 704 774 859 965 1096 1228 1382 1542 1740 1959 2199 2455 2730 3022 3335 3646 4003 4342 4704 5070 5471 
4 25 2531 3468 4550 
7 26 1753 2328 2992 3770 4628 5560 
20 27 2196 2344 2482 2645 2808 2974 3145 3336 3518 3696 3892 4095 4296 4506 4716 4925 5128 5361 5602 
8 28 2067 2507 2985 3539 4118 4734 5387 
20 29 418 442 471 515 571 652 748 878 1051 1265 1499 1805 2151 2540 2973 3435 3959 4496 5044 
19 30 1178 1313 1459 1621 1801 2006 2219 2449 2699 2961 3231 3527 3815 4143 4460 4787 5116 5488 
3 31 4068 5232 
17 32 726 822 951 1113 1287 1481 1722 2010 2317 2656 3012 3400 3818 4269 4729 5200 
5 33 3257 3954 4702 5516 
7 34 2105 2579 3113 3682 4322 4986 
10 35 713 926 1237 1646 2185 2842 3604 4443 5360 
7 36 3105 3516 3956 4408 4891 5397 
13 37 1578 1812 2068 2375 2682 3030 3378 3772 4179 4598 5031 5495 
36 38 3031 3098 3150 3217 3297 3352 3409 3482 3562 3627 3688 3759 3825 3903 3990 4060 4131 4194 4274 4347 4415 4501 4576 4654 4733 4808 4888 4958 5038 5103 5203 5283 5368 5452 5539 
5 39 1086 1760 2798 4134 
11 40 1093 1335 1610 1954 2371 2819 3330 3860 4458 5062 
29 41 589 631 680 739 806 873 960 1067 1177 1301 1427 1568 1723 1895 2088 2305 2511 2739 2976 3227 3491 3761 4057 4332 4634 4940 5245 5582 
8 42 2023 2451 2940 3471 4067 4690 5336 
6 43 2362 3016 3773 4608 5514 
25 44 2714 2815 2928 3041 3138 3260 3370 3486 3614 3729 3842 3981 4105 4229 4352 4488 4614 4753 4889 5022 5154 5297 5447 5599 
6 45 2528 3112 3741 4433 5176 
17 46 866 999 1143 1310 1484 1709 1946 2230 2524 2849 3189 3558 3938 4334 4756 5184 
10 47 647 828 1117 1486 2017 2663 3411 4276 5213 
13 48 419 465 539 660 850 1145 1536 2075 2744 3522 4391 5334 
8 49 3443 3747 4065 4379 4710 5041 5400 
12 50 2024 2274 2553 2855 3168 3500 3846 4221 4595 4981 5399 
6 51 3203 3665 4176 4700 5250 
19 52 1170 1307 1452 1611 1795 1994 2209 2443 2690 2949 3222 3521 3811 4135 4452 4783 5112 5486 
38 53 1882 1951 2029 2102 2183 2262 2346 2423 2508 2592 2683 2767 2869 2962 3060 3146 3253 3350 3447 3564 3653 3762 3865 3993 4094 4203 4319 4424 4543 4666 4777 4896 5013 5124 5258 5388 5512 
5 54 3071 3719 4442 5216 
46 55 411 420 432 443 456 467 486 501 526 546 575 605 645 682 730 778 837 903 975 1052 1142 1235 1340 1441 1550 1681 1816 1962 2127 2283 2461 2634 2825 3023 3220 3422 3643 3864 4107 4333 4579 4821 5058 5319 5596 
9 56 4138 4328 4535 4744 4950 5150 5378 5613 
15 57 670 787 935 1129 1360 1636 1967 2354 2776 3261 3768 4321 4895 5508 
7 58 3801 4113 4409 4731 5043 5392 
4 59 4847 5165 5505 
19 60 3519 3630 3740 3847 3975 4093 4201 4324 4444 4561 4695 4814 4944 5057 5198 5323 5467 5609 
24 61 431 452 482 520 562 618 703 796 916 1058 1231 1428 1654 1915 2215 2542 2902 3295 3681 4126 4567 5032 5530 
13 62 2814 3035 3255 3473 3712 3968 4216 4477 4741 5003 5279 5572 
18 63 2396 2552 2713 2886 3073 3251 3428 3634 3824 4049 4253 4467 4687 4901 5115 5359 5611 
55 64 889 925 955 996 1033 1083 1126 1168 1219 1268 1322 1373 1425 1474 1532 1599 1672 1727 1808 1871 1949 2032 2116 2194 2277 2372 2453 2548 2635 2733 2829 2931 3034 3127 3232 3344 3441 3569 3661 3779 3896 4026 4136 4256 4371 4499 4611 4746 4863 4988 5102 5240 5385 5517 
11 65 1345 1615 1945 2349 2785 3289 3799 4367 4959 5604 
14 66 824 977 1159 1379 1637 1936 2288 2681 3117 3578 4073 4590 5120 
12 67 1475 1721 2013 2325 2671 3053 3436 3868 4326 4797 5284 
14 68 3181 3351 3525 3690 3867 4064 4247 4428 4622 4824 5019 5224 5427 
21 69 629 701 783 890 1007 1149 1323 1491 1711 1947 2224 2512 2828 3165 3523 3891 4290 4697 5098 5559 
5 70 4394 4782 5185 5619 
4 71 2807 3742 4809 
33 72 1769 1847 1933 2027 2125 2212 2316 2411 2513 2617 2729 2840 2950 3080 3185 3317 3421 3565 3677 3808 3947 4090 4218 4349 4497 4633 4773 4921 5053 5214 5363 5519 
4 73 3510 4331 5231 
13 74 1020 1214 1430 1685 1992 2342 2717 3134 3590 4072 4569 5086 
7 75 2712 3192 3713 4280 4873 5498 
7 76 1300 1725 2313 2987 3788 4677 
13 77 1762 2007 2261 2544 2848 3169 3513 3856 4241 4627 5027 5450 
7 78 1791 2363 3042 3803 4662 5593 
5 79 3343 3917 4539 5193 
6 80 2304 2943 3671 4502 5382 
7 81 1060 1512 2165 2994 3996 5080 
3 82 4450 5037 
16 83 1401 1573 1773 1997 2245 2498 2773 3088 3385 3722 4076 4420 4796 5172 5576 
28 84 409 426 444 466 494 529 574 627 699 782 887 1006 1150 1324 1494 1712 1955 2232 2519 2838 3175 3537 3910 4307 4718 5123 5586 
22 85 833 928 1027 1147 1283 1429 1588 1766 1968 2187 2417 2673 2934 3210 3501 3798 4125 4445 4778 5105 5483 
8 86 4301 4513 4712 4920 5121 5350 5577 
8 87 2846 3214 3621 4044 4483 4938 5414 
38 88 400 403 412 427 437 455 472 493 522 547 583 625 676 738 805 877 970 1077 1191 1315 1448 1594 1758 1939 2146 2360 2578 2813 3072 3331 3603 3873 4171 4476 4780 5084 5421 
2 89 5270 
12 90 1597 1855 2163 2497 2867 3262 3667 4130 4592 5063 5590 
23 91 880 969 1074 1182 1306 1432 1580 1736 1917 2111 2320 2530 2759 2999 3263 3526 3792 4091 4372 4680 4972 5293 
22 92 791 867 974 1091 1216 1359 1505 1686 1879 2095 2333 2577 2845 3122 3403 3714 4043 4366 4705 5045 5416 
8 93 1473 1866 2368 2925 3559 4245 4974 
13 94 2206 2446 2696 2966 3242 3543 3836 4164 4498 4834 5178 5543 
23 95 636 697 769 854 959 1092 1229 1383 1549 1748 1970 2217 2475 2753 3057 3369 3692 4052 4397 4769 5141 5552 
9 96 2236 2603 3018 3462 3940 4440 4967 5521 
7 97 1063 1490 2107 2892 3809 4858 
17 98 675 763 886 1026 1207 1399 1627 1889 2198 2533 2905 3306 3711 4161 4625 5094 
7 99 3365 3701 4070 4427 4815 5209 
23 100 762 846 933 1035 1148 1282 1420 1576 1745 1937 2152 2387 2610 2868 3128 3399 3694 4019 4316 4637 4968 5304 
5 101 3358 3995 4657 5370 
20 102 794 893 1001 1131 1275 1443 1628 1833 2063 2332 2595 2896 3206 3541 3872 4237 4606 4989 5395 
20 103 1645 1785 1931 2098 2272 2459 2646 2851 3064 3284 3496 3731 3973 4213 4468 4722 4975 5241 5532 
17 104 2012 2184 2378 2567 2764 2981 3213 3439 3683 3943 4192 4466 4738 5005 5285 5589 
9 105 1031 1357 1750 2273 2887 3591 4355 5194 
13 106 1038 1249 1477 1768 2108 2490 2921 3375 3874 4406 4957 5553 
5 107 4001 4393 4807 5233 
5 108 4041 4509 4987 5502 
150 109 481 487 490 495 499 503 507 518 523 527 530 538 544 550 554 564 572 578 587 594 601 610 617 632 644 657 661 671 683 693 706 721 734 743 754 766 785 800 812 826 845 855 870 900 912 931 947 962 989 1005 1025 1047 1075 1099 1119 1139 1162 1190 1213 1241 1262 1290 1316 1347 1370 1395 1421 1455 1472 1503 1531 1571 1598 1638 1673 1707 1730 1775 1810 1839 1880 1920 1956 2003 2040 2073 2128 2162 2204 2251 2289 2340 2391 2421 2470 2516 2563 2604 2660 2704 2750 2801 2857 2906 2951 2997 3062 3114 3160 3211 3278 3327 3372 3419 3478 3547 3601 3649 3706 3765 3817 3879 3945 4016 4069 4127 4181 4243 4304 4363 4419 4490 4546 4609 4684 4743 4799 4864 4935 4993 5048 5106 5192 5252 5316 5396 5462 5528 5607 
12 110 2556 2789 3051 3313 3583 3855 4157 4465 4771 5076 5418 
5 111 3678 4153 4642 5146 
19 112 1530 1678 1829 2009 2181 2381 2572 2775 2995 3224 3466 3710 3977 4233 4510 4776 5046 5347 
21 113 446 475 514 563 635 724 834 984 1160 1374 1614 1896 2242 2601 3006 3442 3915 4410 4929 5474 
11 114 2282 2566 2871 3188 3534 3880 4260 4641 5035 5458 
12 115 991 1208 1454 1747 2115 2525 2978 3477 4038 4599 5205 
8 116 2093 2554 3077 3633 4248 4894 5592 
24 117 404 424 448 476 512 559 623 709 814 946 1116 1308 1518 1787 2081 2426 2799 3202 3636 4096 4575 5065 5617 
35 118 1057 1125 1196 1263 1342 1415 1487 1585 1680 1783 1886 2004 2121 2243 2369 2487 2626 2760 2915 3065 3207 3362 3524 3674 3843 4030 4187 4365 4542 4725 4910 5078 5281 5482 
84 119 633 654 662 679 696 719 736 751 772 795 817 842 861 898 923 942 976 1004 1036 1072 1109 1138 1174 1215 1254 1293 1337 1371 1411 1458 1488 1534 1591 1647 1697 1742 1803 1850 1911 1971 2034 2090 2159 2225 2285 2361 2419 2485 2564 2633 2708 2774 2860 2935 3004 3095 3171 3252 3338 3405 3498 3587 3659 3755 3837 3935 4037 4119 4208 4299 4392 4487 4583 4683 4770 4867 4962 5052 5160 5261 5364 5473 5575 
12 120 957 1164 1404 1683 2030 2424 2870 3349 3863 4423 5011 
32 121 1097 1166 1247 1329 1408 1489 1595 1705 1814 1928 2054 2186 2326 2463 2605 2758 2920 3089 3245 3406 3597 3769 3960 4148 4329 4534 4726 4927 5114 5333 5555 
15 122 1581 1779 2005 2246 2505 2778 3091 3386 3721 4074 4416 4790 5166 5569 
10 123 3153 3407 3679 3970 4258 4544 4849 5158 5490 
20 124 2307 2439 2584 2735 2897 3061 3219 3382 3572 3744 3927 4123 4312 4511 4699 4897 5092 5310 5531 
10 125 1961 2284 2642 3036 3434 3881 4354 4844 5356 
11 126 1569 1844 2167 2527 2924 3347 3795 4287 4785 5312 
13 127 872 1062 1288 1543 1867 2259 2687 3166 3673 4238 4826 5440 
32 128 580 612 659 707 760 821 899 971 1061 1156 1267 1380 1493 1640 1786 1942 2126 2309 2494 2700 2918 3131 3364 3609 3841 4111 4362 4631 4904 5182 5478 
6 129 1872 2593 3459 4449 5549 
21 130 1197 1312 1435 1579 1728 1903 2087 2296 2504 2726 2963 3204 3456 3723 4011 4282 4570 4866 5168 5493 
10 131 3827 4047 4249 4459 4681 4892 5097 5342 5585 
13 132 2551 2769 3009 3274 3529 3793 4087 4364 4663 4961 5274 5612 
14 133 1376 1566 1797 2045 2329 2628 2953 3308 3657 4061 4456 4874 5299 
8 134 1702 2144 2661 3240 3882 4593 5332 
67 135 607 621 646 663 684 708 733 753 781 808 841 864 908 938 980 1014 1056 1107 1144 1198 1244 1292 1346 1392 1449 1495 1557 1626 1691 1754 1822 1891 1974 2052 2135 2211 2303 2393 2471 2560 2653 2742 2841 2938 3044 3135 3235 3345 3445 3567 3658 3775 3886 4022 4129 4240 4353 4481 4596 4721 4842 4964 5077 5222 5348 5484 
4 136 5093 5330 5573 
5 137 1332 2038 3040 4259 
14 138 1137 1333 1529 1788 2064 2402 2741 3123 3530 3961 4405 4877 5366 
13 139 2091 2339 2586 2864 3143 3448 3766 4102 4437 4789 5145 5536 
5 140 3326 3834 4402 4983 
9 141 902 1200 1575 2076 2706 3416 4236 5095 
2 142 5464 
5 143 3218 3902 4650 5449 
6 144 5069 5204 5325 5460 5595 
12 145 3379 3595 3790 4017 4219 4429 4660 4887 5099 5351 5608 
12 146 790 972 1217 1507 1884 2341 2852 3414 4058 4723 5432 
14 147 1068 1253 1460 1701 1979 2306 2649 3038 3431 3869 4330 4813 5308 
4 148 3619 4462 5381 
17 149 1804 1969 2157 2352 2557 2763 2990 3233 3476 3738 4014 4275 4547 4837 5113 5426 
14 150 599 714 853 1055 1311 1612 1991 2431 2937 3492 4103 4748 5424 
22 151 1478 1609 1734 1877 2031 2189 2365 2536 2716 2917 3116 3322 3532 3746 3980 4202 4439 4689 4931 5179 5436 
20 152 727 810 921 1040 1189 1354 1522 1733 1975 2240 2518 2824 3142 3490 3849 4230 4620 5025 5453 
8 153 1651 2074 2591 3180 3822 4540 5286 
27 154 2019 2122 2226 2337 2448 2561 2680 2804 2932 3067 3190 3332 3461 3613 3748 3888 4055 4189 4348 4514 4664 4822 4976 5135 5309 5489 
5 155 2137 2843 3660 4600 
9 156 994 1326 1737 2295 2947 3695 4536 5431 
39 157 414 429 438 453 469 489 511 535 566 600 651 694 750 815 895 968 1064 1167 1278 1403 1524 1679 1837 2018 2200 2403 2600 2826 3063 3305 3551 3796 4075 4340 4619 4914 5206 5511 
26 158 2514 2614 2721 2832 2941 3059 3172 3299 3394 3535 3647 3776 3904 4046 4167 4305 4434 4577 4719 4852 4994 5125 5282 5429 5588 
40 159 863 920 966 1022 1089 1146 1220 1291 1364 1438 1513 1608 1706 1802 1898 2016 2133 2248 2374 2489 2623 2755 2900 3046 3182 3340 3487 3640 3800 3976 4139 4306 4479 4651 4829 5001 5188 5374 5564 
9 160 2469 2822 3199 3615 4048 4493 4955 5451 
12 161 848 1030 1272 1551 1904 2330 2795 3328 3885 4512 5137 
15 162 2395 2576 2768 2977 3194 3413 3644 3883 4142 4388 4645 4909 5171 5455 
11 163 1232 1492 1828 2233 2679 3179 3732 4320 4941 5614 
13 164 735 874 1082 1328 1619 1980 2408 2884 3408 4005 4607 5256 
5 165 3032 3757 4559 5430 
66 166 516 528 541 552 570 584 602 619 648 667 690 720 745 773 807 840 869 914 952 998 1039 1094 1140 1199 1250 1304 1361 1419 1476 1539 1622 1694 1765 1841 1926 2020 2101 2197 2286 2394 2477 2585 2691 2796 2911 3014 3130 3249 3367 3481 3617 3734 3851 3999 4124 4255 4384 4527 4658 4795 4936 5066 5221 5365 5515 
6 167 2882 3395 3983 4582 5217 
23 168 608 669 741 823 930 1043 1186 1344 1500 1704 1918 2161 2422 2707 3001 3329 3650 4023 4370 4750 5122 5540 
93 169 764 789 804 820 843 857 879 907 927 948 973 1000 1019 1048 1080 1110 1133 1161 1201 1224 1257 1286 1321 1355 1384 1418 1457 1479 1521 1562 1605 1652 1688 1724 1776 1817 1857 1909 1957 2015 2058 2109 2160 2213 2268 2323 2389 2428 2479 2549 2598 2665 2720 2777 2847 2912 2968 3039 3104 3162 3223 3307 3363 3420 3499 3574 3637 3704 3777 3848 3923 4012 4083 4150 4226 4298 4374 4446 4533 4602 4688 4762 4840 4919 4996 5068 5152 5236 5321 5407 5496 5583 
4 170 4859 5183 5520 
19 171 1757 1912 2071 2257 2435 2629 2833 3050 3267 3488 3718 3971 4215 4471 4732 4990 5265 5551 
25 172 674 737 803 883 978 1085 1206 1336 1466 1625 1798 1988 2191 2412 2647 2898 3148 3415 3703 4018 4310 4612 4939 5266 
8 173 1845 2263 2734 3273 3833 4464 5096 
3 174 2573 5509 
18 175 988 1120 1264 1423 1602 1813 2043 2302 2568 2862 3170 3493 3831 4188 4558 4948 5337 
4 176 3909 4489 5081 
39 177 885 934 990 1042 1114 1173 1246 1317 1388 1467 1544 1648 1732 1836 1940 2053 2168 2290 2413 2546 2674 2812 2952 3103 3246 3390 3557 3705 3861 4045 4206 4377 4545 4728 4902 5072 5268 5461 
18 178 961 1098 1236 1390 1563 1764 1993 2244 2502 2784 3096 3398 3743 4098 4461 4835 5223 
5 179 2715 3383 4149 4953 
2 180 3989 
2 181 5327 
8 182 3318 3623 3944 4279 4623 4978 5352 
6 183 2002 2676 3474 4390 5383 
12 184 1944 2202 2472 2757 3079 3389 3739 4099 4474 4856 5246 
8 185 2210 2622 3087 3576 4108 4670 5242 
15 186 1843 2049 2264 2492 2738 2988 3281 3560 3840 4154 4472 4792 5107 5476 
19 187 401 421 451 492 549 634 746 905 1115 1365 1675 2051 2486 2980 3542 4132 4758 5419 
3 188 4128 4908 
8 189 1101 1469 1977 2611 3360 4207 5109 
22 190 474 505 551 606 678 765 875 1015 1184 1372 1582 1834 2130 2438 2781 3154 3561 3985 4413 4876 5354 
5 191 3155 3805 4529 5277 
13 192 2657 2865 3092 3319 3554 3789 4056 4308 4568 4841 5101 5406 
30 193 1103 1176 1261 1350 1431 1523 1639 1746 1859 2000 2136 2270 2415 2571 2728 2893 3069 3228 3402 3600 3780 3988 4174 4375 4584 4786 4999 5218 5435 
7 194 1540 2117 2816 3641 4574 5600 
11 195 2062 2343 2630 2944 3291 3631 4015 4389 4784 5199 
10 196 1381 1700 2077 2537 3049 3605 4205 4846 5533 
9 197 3698 3937 4169 4412 4669 4917 5170 5438 
6 198 2298 2876 3538 4262 5033 
15 199 640 744 891 1069 1299 1554 1881 2266 2697 3174 3680 4242 4827 5439 
21 200 560 614 689 779 896 1018 1181 1362 1561 1806 2066 2385 2702 3055 3418 3816 4244 4685 5111 5615 
9 201 1958 2357 2787 3288 3794 4356 4952 5581 
12 202 1367 1592 1856 2169 2515 2889 3304 3726 4182 4667 5153 
3 203 672 4673 
6 204 3563 3942 4341 4763 5195 
6 205 2526 3078 3656 4317 5007 
34 206 557 591 626 668 722 771 832 906 983 1070 1165 1269 1378 1485 1631 1771 1923 2086 2269 2456 2650 2858 3076 3300 3520 3750 4010 4251 4517 4766 5030 5306 5605 
6 207 2709 3292 3907 4589 5303 
16 208 757 876 1032 1222 1433 1687 1986 2327 2694 3107 3544 4020 4500 5004 5547 
10 209 604 777 1050 1442 1965 2637 3429 4345 5331 
10 210 705 913 1218 1618 2149 2788 3545 4376 5278 
5 211 830 1583 2939 4801 
9 212 649 847 1158 1589 2174 2907 3751 4703 
15 213 2014 2207 2416 2640 2877 3125 3377 3645 3929 4223 4522 4820 5117 5456 
18 214 1799 1948 2131 2308 2481 2686 2895 3115 3339 3571 3797 4059 4302 4556 4828 5083 5376 
17 215 1245 1396 1572 1767 1995 2239 2495 2772 3090 3387 3727 4080 4425 4798 5181 5587 
8 216 1577 2039 2594 3247 3974 4755 5610 
8 217 2129 2543 3005 3528 4086 4671 5276 
2 218 5226 
29 219 439 459 480 504 542 579 628 687 758 844 939 1053 1193 1339 1483 1677 1874 2103 2351 2608 2891 3183 3494 3813 4155 4519 4869 5234 
7 220 2314 2782 3323 3894 4528 5174 
14 221 3626 3760 3906 4063 4204 4351 4520 4674 4823 4973 5129 5301 5479 
40 222 405 416 430 440 457 470 491 513 540 569 603 653 695 749 813 892 964 1059 1163 1273 1394 1515 1669 1821 1999 2178 2388 2581 2794 3028 3265 3508 3758 4036 4294 4566 4851 5133 5444 
7 223 2104 2632 3229 3899 4616 5398 
2 224 5335 
29 225 802 862 937 1013 1108 1205 1303 1409 1520 1657 1800 1943 2113 2279 2462 2652 2850 3056 3275 3480 3708 3955 4186 4431 4694 4949 5208 5485 
6 226 2599 3144 3749 4401 5075 
10 227 2139 2454 2803 3178 3584 4021 4447 4916 5401 
22 228 3139 3254 3357 3464 3582 3685 3802 3920 4050 4159 4283 4403 4532 4653 4775 4903 5028 5156 5290 5425 5568 
3 229 3592 5151 
7 230 1227 1708 2367 3167 4101 5119 
4 231 5000 5207 5411 
20 232 1623 1759 1913 2070 2255 2432 2625 2827 3043 3258 3472 3707 3958 4196 4448 4713 4969 5237 5523 
3 233 1225 3212 
6 234 4271 4560 4870 5177 5500 
9 235 1444 1777 2176 2638 3159 3730 4337 4985 
10 236 3111 3366 3638 3921 4220 4524 4832 5134 5480 
13 237 2752 2971 3197 3426 3676 3939 4193 4470 4745 5018 5302 5618 
12 238 1660 1924 2234 2565 2927 3320 3728 4163 4615 5079 5603 
16 239 1650 1824 2035 2258 2491 2745 3007 3303 3588 3884 4210 4537 4872 5219 5578 
2 240 5606 
16 241 792 915 1065 1248 1451 1682 1960 2276 2620 2989 3391 3820 4286 4759 5239 
8 242 1811 2238 2725 3283 3862 4525 5202 
6 243 1848 2441 3136 3936 4803 
27 244 967 1049 1141 1240 1343 1447 1558 1698 1830 1985 2148 2318 2483 2675 2872 3082 3293 3495 3715 3953 4183 4417 4676 4922 5175 5441 
102 245 548 555 568 577 590 596 609 620 638 655 664 677 692 711 728 742 759 776 799 818 839 856 881 909 932 953 982 1008 1034 1066 1100 1127 1151 1194 1223 1259 1294 1334 1363 1400 1434 1470 1508 1548 1596 1643 1684 1726 1780 1823 1873 1927 1981 2036 2083 2150 2203 2260 2322 2390 2436 2496 2562 2624 2688 2751 2818 2883 2958 3029 3099 3164 3230 3315 3374 3449 3533 3611 3668 3753 3821 3911 4002 4079 4152 4231 4315 4395 4484 4557 4648 4736 4816 4900 4984 5064 5159 5243 5339 5428 5524 
8 246 3280 3599 3928 4285 4649 5021 5410 
2 247 5534 
24 248 588 639 700 768 851 954 1076 1210 1356 1506 1699 1892 2132 2379 2631 2914 3201 3517 3828 4172 4526 4879 5238 
6 249 1258 1897 2817 3957 5244 
13 250 2057 2293 2545 2809 3100 3380 3697 4039 4360 4715 5055 5434 
3 251 4273 5492 
11 252 987 1234 1526 1910 2377 2890 3467 4110 4779 5501 
17 253 2072 2254 2429 2618 2820 3033 3241 3463 3689 3934 4178 4421 4691 4946 5210 5491 
11 254 1041 1277 1559 1916 2338 2805 3333 3889 4516 5136 
12 255 1450 1690 1973 2297 2644 3037 3433 3875 4343 4830 5326 
14 256 1670 1863 2097 2348 2606 2894 3187 3503 3819 4168 4530 4890 5260 
7 257 1744 2250 2835 3502 4239 5029 
3 258 3898 4926 
4 259 3858 4591 5353 
17 260 1815 1989 2170 2376 2574 2792 3026 3268 3515 3763 4040 4311 4588 4875 5163 5475 
10 261 1819 2134 2474 2856 3266 3691 4158 4647 5143 
4 262 2468 3531 4772 
4 263 4915 5186 5472 
4 264 2919 4062 5357 
10 265 3566 3767 3998 4212 4436 4678 4911 5142 5402 
20 266 702 780 871 995 1132 1289 1463 1658 1878 2138 2407 2701 3010 3348 3699 4081 4457 4853 5263 
11 267 716 882 1124 1424 1807 2278 2834 3452 4147 4878 
12 268 434 488 576 729 956 1305 1755 2366 3093 3914 4836 
5 269 3234 3895 4610 5379 
11 270 2786 3048 3314 3585 3857 4165 4473 4781 5090 5433 
17 271 532 595 685 801 945 1134 1358 1616 1925 2294 2698 3137 3628 4146 4693 5248 
9 272 1274 1629 2065 2602 3216 3897 4636 5422 
52 273 402 408 415 425 433 445 458 468 484 500 521 536 558 586 613 656 686 731 775 825 884 943 1011 1095 1169 1260 1353 1446 1538 1661 1784 1908 2050 2192 2347 2501 2668 2837 3008 3193 3376 3579 3774 3991 4184 4400 4613 4839 5050 5288 5537 
16 274 1565 1739 1935 2153 2392 2621 2879 3147 3425 3736 4053 4358 4696 5026 5380 
14 275 1284 1468 1692 1938 2227 2529 2866 3215 3602 4007 4411 4843 5289 
19 276 1717 1864 2041 2221 2406 2596 2806 3021 3244 3470 3709 3969 4222 4485 4751 5016 5295 5597 
19 277 565 630 717 816 944 1112 1296 1497 1752 2047 2384 2731 3121 3540 3984 4435 4923 5423 
14 278 1664 1868 2114 2373 2636 2933 3237 3573 3905 4266 4629 5008 5404 
15 279 1649 1831 2046 2275 2521 2779 3070 3353 3651 3986 4309 4646 4992 5355 
17 280 1242 1393 1564 1763 1990 2235 2493 2770 3086 3384 3725 4082 4426 4802 5187 5594 
21 281 1183 1302 1422 1553 1710 1869 2056 2252 2452 2672 2899 3129 3373 3635 3900 4175 4455 4749 5034 5341 
13 282 1545 1778 2033 2321 2619 2948 3310 3666 4077 4482 4898 5340 
12 283 1624 1858 2145 2444 2762 3124 3497 3887 4313 4747 5191 
12 284 650 784 979 1239 1546 1953 2445 2991 3625 4297 5015 
7 285 1352 1838 2503 3302 4190 5189 
15 286 1104 1266 1456 1667 1914 2195 2499 2831 3184 3570 3965 4378 4811 5255 
8 287 2589 3003 3460 3952 4463 4995 5563 
6 288 2147 2791 3552 4385 5291 
5 289 3397 3962 4538 5139 
17 290 673 770 901 1044 1233 1445 1695 1984 2319 2678 3085 3506 3963 4430 4937 5463 
6 291 2670 3301 3992 4730 5535 
69 292 809 835 858 897 924 950 981 1010 1045 1088 1123 1154 1204 1243 1276 1327 1369 1410 1461 1496 1547 1606 1659 1713 1774 1826 1888 1950 2025 2078 2154 2223 2291 2370 2433 2510 2583 2667 2740 2823 2908 2979 3081 3152 3239 3337 3410 3514 3606 3686 3784 3876 3987 4085 4170 4270 4368 4475 4573 4682 4774 4880 4980 5074 5197 5300 5415 5527 
8 293 1825 2267 2761 3334 3941 4597 5294 
15 294 1024 1202 1385 1603 1853 2156 2476 2830 3209 3620 4051 4495 4954 5446 
4 295 4947 5228 5529 
6 296 3877 4228 4580 4942 5311 
16 297 423 460 508 582 698 852 1084 1368 1718 2164 2689 3294 3933 4638 5393 
3 298 4720 5503 
7 299 3432 3778 4140 4508 4883 5271 
16 300 888 1021 1195 1377 1593 1842 2141 2458 2802 3176 3580 4013 4441 4905 5389 
3 301 4211 5144 
5 302 4200 4635 5073 5558 
16 303 406 435 477 531 616 747 929 1172 1471 1852 2334 2874 3475 4151 4860 
15 304 1541 1729 1941 2172 2418 2685 2967 3269 3577 3893 4234 4586 4943 5305 
8 305 2175 2570 2993 3465 3979 4518 5051 
2 306 1642 
7 307 3458 3844 4264 4692 5104 5591 
6 308 3598 4029 4469 4932 5413 
15 309 2155 2350 2558 2766 2996 3236 3489 3745 4025 4288 4562 4854 5138 5457 
3 310 2110 5437 
4 311 510 1527 4632 
5 312 3066 3687 4387 5110 
8 313 831 1188 1693 2401 3276 4284 5409 
5 314 3716 4246 4794 5373 
13 315 533 622 752 936 1185 1480 1870 2356 2901 3512 4177 4893 
5 316 4166 4555 4963 5391 
4 317 4115 4727 5377 
8 318 688 963 1407 2037 2875 3871 5014 
17 319 1295 1439 1604 1796 2001 2228 2465 2718 2983 3296 3586 3890 4224 4553 4899 5254 
6 320 1501 2100 2863 3752 4764 
3 321 4752 5253 
7 322 1963 2466 3047 3670 4380 5108 
4 323 3238 4034 4871 
4 324 3196 4004 4861 
5 325 4833 5036 5247 5477 
16 326 615 712 827 986 1175 1402 1668 1987 2355 2754 3200 3675 4191 4740 5296 
3 327 4810 5420 
26 328 525 556 598 658 723 798 894 993 1118 1256 1405 1570 1756 1972 2205 2457 2719 3000 3311 3624 3949 4289 4639 4997 5375 
3 329 4587 5571 
14 330 761 910 1090 1309 1556 1862 2237 2639 3097 3581 4106 4656 5230 
16 331 2249 2425 2612 2811 3011 3226 3450 3672 3916 4160 4407 4672 4924 5190 5465 
9 332 637 838 1153 1600 2216 2972 3854 4857 
10 333 1899 2231 2582 2969 3381 3832 4314 4804 5315 
8 334 2353 2783 3277 3783 4339 4928 5548 
14 335 2287 2500 2724 2959 3198 3453 3717 4009 4281 4571 4868 5169 5494 
6 336 2737 3321 3946 4618 5343 
8 337 2616 2986 3393 3830 4295 4768 5264 
12 338 1498 1741 2022 2331 2662 3027 3401 3814 4261 4714 5180 
7 339 2427 2926 3469 4071 4698 5371 
7 340 2522 2960 3423 3950 4494 5047 
5 341 3787 4293 4817 5367 
14 342 1212 1406 1632 1887 2188 2520 2878 3279 3669 4120 4572 5039 5544 
3 343 5012 5328 
9 344 2358 2684 3052 3417 3823 4265 4709 5167 
8 345 3132 3485 3853 4257 4659 5067 5518 
7 346 2711 3156 3639 4162 4711 5280 
9 347 2409 2746 3120 3509 3918 4350 4805 5273 
11 348 860 1079 1349 1674 2069 2555 3101 3684 4335 5024 
10 349 3785 4006 4209 4414 4643 4865 5082 5324 5574 
6 350 1436 2124 3019 4112 5322 
5 351 3248 3964 4739 5565 
13 352 1135 1351 1587 1875 2220 2590 3002 3451 3931 4432 4965 5525 
11 353 1023 1279 1590 1978 2437 2965 3548 4173 4845 5566 
11 354 797 992 1252 1560 1964 2447 2982 3608 4268 4970 
11 355 1271 1519 1827 2190 2597 3054 3550 4078 4624 5212 
10 356 1781 2120 2484 2913 3359 3839 4359 4907 5481 
54 357 1514 1567 1620 1666 1714 1770 1820 1876 1932 1998 2055 2123 2177 2247 2315 2386 2440 2509 2580 2655 2722 2793 2873 2945 3025 3106 3177 3264 3342 3412 3507 3593 3663 3756 3838 3932 4035 4117 4197 4292 4383 4480 4565 4668 4760 4850 4951 5040 5130 5235 5338 5442 5546 
19 358 2550 2692 2844 2984 3151 3324 3483 3652 3826 4027 4195 4386 4578 4767 4960 5161 5369 5579 
16 359 2179 2364 2547 2736 2942 3149 3371 3607 3829 4088 4325 4581 4838 5088 5372 
3 360 4267 5126 
8 361 1901 2335 2810 3346 3925 4548 5211 
4 362 3312 4232 5249 
9 363 2171 2559 2975 3430 3930 4451 4998 5580 
3 364 1105 4373 
14 365 1221 1417 1644 1902 2208 2539 2903 3298 3693 4141 4594 5054 5567 
41 366 1517 1584 1653 1715 1792 1854 1934 2021 2094 2180 2265 2359 2442 2532 2627 2723 2821 2922 3024 3126 3225 3341 3438 3568 3662 3782 3901 4032 4144 4263 4381 4515 4626 4757 4882 5009 5127 5269 5405 5542 
5 367 3094 3806 4605 5469 
3 368 911 3221 
10 369 1029 1318 1671 2119 2641 3243 3908 4630 5403 
43 370 1919 1982 2048 2118 2182 2253 2324 2400 2467 2541 2613 2695 2765 2859 2936 3013 3108 3186 3286 3361 3444 3546 3632 3724 3810 3912 4024 4114 4199 4300 4396 4503 4601 4701 4806 4913 5010 5100 5227 5329 5445 5556 
5 371 3951 4404 4886 5384 
46 372 407 417 428 436 449 463 479 496 517 534 561 592 624 666 710 756 811 868 940 1017 1111 1203 1297 1398 1502 1633 1761 1900 2059 2222 2397 2569 2749 2946 3141 3355 3575 3786 4028 4254 4491 4737 4971 5229 5497 
10 373 2861 3140 3440 3764 4100 4438 4791 5148 5538 
22 374 949 1046 1157 1280 1412 1552 1716 1893 2089 2310 2523 2756 2998 3272 3536 3807 4109 4399 4707 5020 5344 
15 375 413 450 502 581 718 904 1171 1510 1966 2517 3157 3870 4661 5504 
11 376 819 1028 1314 1656 2085 2607 3195 3845 4554 5307 
9 377 1130 1464 1890 2434 3074 3771 4549 5390 
10 378 786 1009 1330 1719 2241 2853 3555 4323 5149 
6 379 1152 1832 2836 4097 5561 
12 380 918 1122 1375 1676 2044 2473 2957 3479 4066 4679 5313 
27 381 715 767 836 917 1003 1106 1211 1331 1453 1586 1735 1905 2080 2280 2478 2703 2929 3163 3396 3655 3926 4198 4486 4765 5049 5362 
9 382 1073 1387 1794 2311 2909 3594 4338 5140 
5 383 4104 4505 4918 5349 
4 384 1665 3058 4934 
33 385 1846 1929 2026 2106 2201 2299 2399 2480 2588 2693 2800 2916 3020 3133 3250 3368 3484 3618 3733 3850 3997 4122 4252 4382 4523 4655 4788 4933 5060 5215 5358 5510 
14 386 1689 1894 2140 2398 2666 2956 3270 3589 3924 4277 4644 5017 5408 
14 387 1230 1413 1630 1865 2158 2464 2797 3158 3549 3948 4369 4812 5267 
6 388 1187 1835 2780 3978 5345 
3 389 3664 5554 
7 390 3622 3994 4361 4761 5162 5601 
13 391 4881 4945 5002 5056 5118 5196 5257 5317 5394 5459 5522 5598 
3 392 4800 5412 
5 393 2888 3553 4272 5042 
40 394 447 462 478 497 519 543 567 597 642 681 732 788 849 922 997 1087 1179 1281 1391 1504 1641 1782 1930 2096 2271 2460 2648 2854 3068 3290 3504 3735 3982 4225 4478 4735 4991 5262 5545 
14 395 1341 1528 1772 2042 2345 2669 3015 3388 3791 4214 4652 5089 5584 
113 396 985 1002 1016 1037 1054 1081 1102 1121 1136 1155 1180 1209 1226 1251 1270 1298 1319 1348 1366 1389 1414 1440 1465 1482 1511 1537 1574 1601 1635 1663 1696 1720 1751 1790 1818 1849 1885 1921 1952 1996 2028 2060 2099 2142 2173 2214 2256 2292 2336 2380 2410 2450 2488 2535 2575 2615 2664 2705 2747 2790 2839 2880 2930 2970 3017 3075 3118 3161 3208 3259 3309 3354 3392 3446 3505 3556 3610 3648 3700 3754 3804 3852 3913 3972 4033 4084 4133 4180 4235 4291 4346 4398 4454 4521 4563 4621 4686 4742 4793 4848 4912 4966 5023 5071 5131 5201 5259 5314 5386 5443 5506 5570 
11 397 1078 1325 1613 1976 2404 2881 3404 4000 4603 5251 
3 398 4906 5470 
24 399 1437 1535 1662 1789 1922 2061 2218 2383 2538 2710 2885 3083 3271 3457 3654 3859 4092 4303 4531 4754 4977 5220 5466 
