26 0 1842 2048 2275 2497 2733 2973 3228 3491 3753 4031 4329 4637 4944 5273 5613 5963 6329 6732 7137 7576 8011 8448 8897 9360 9848 
17 1 6966 7139 7328 7513 7690 7875 8071 8251 8439 8627 8823 9020 9216 9414 9619 9826 
40 2 703 801 902 1007 1125 1241 1367 1513 1653 1809 1984 2163 2340 2530 2726 2918 3126 3338 3549 3771 3997 4239 4483 4739 4990 5263 5528 5831 6117 6425 6755 7095 7449 7800 8156 8523 8880 9264 9659 
198 3 929 947 967 989 1009 1028 1050 1075 1092 1118 1136 1156 1178 1199 1225 1250 1273 1297 1322 1345 1364 1398 1424 1448 1476 1503 1526 1554 1579 1603 1637 1663 1696 1722 1746 1779 1806 1846 1874 1907 1938 1974 1998 2035 2066 2100 2137 2168 2204 2233 2270 2302 2335 2377 2414 2440 2480 2513 2547 2588 2626 2653 2691 2729 2764 2801 2833 2871 2909 2952 2982 3021 3063 3101 3140 3181 3215 3250 3296 3340 3368 3409 3458 3496 3539 3574 3618 3656 3696 3737 3785 3825 3870 3910 3948 3994 4041 4089 4135 4173 4216 4268 4313 4354 4409 4455 4491 4539 4588 4640 4686 4732 4780 4827 4873 4923 4970 5024 5071 5122 5163 5221 5268 5322 5366 5413 5474 5518 5583 5630 5677 5725 5783 5855 5909 5958 5999 6064 6120 6180 6235 6287 6351 6408 6470 6528 6584 6646 6718 6775 6842 6900 6964 7030 7089 7155 7223 7298 7346 7419 7487 7553 7616 7680 7740 7818 7878 7939 8022 8089 8142 8217 8281 8354 8415 8484 8555 8623 8681 8764 8831 8902 8974 9045 9122 9191 9254 9324 9398 9471 9546 9622 9696 9769 9842 9919 9982 
66 4 819 876 940 1002 1072 1135 1200 1279 1352 1429 1517 1592 1685 1770 1871 1976 2073 2181 2282 2392 2498 2611 2721 2832 2955 3071 3193 3312 3438 3555 3683 3816 3946 4094 4225 4367 4512 4664 4803 4956 5112 5267 5418 5590 5747 5926 6092 6265 6449 6637 6837 7031 7240 7441 7648 7846 8055 8263 8473 8676 8909 9132 9341 9568 9803 
26 5 1291 1478 1679 1905 2149 2409 2666 2943 3234 3532 3842 4165 4505 4861 5232 5615 6010 6441 6904 7383 7880 8385 8895 9429 9978 
1 6 
3 7 9592 9989 
4 8 8845 9284 9746 
10 9 4831 5296 5800 6337 6928 7551 8188 8842 9529 
1 10 
1 11 
1 12 
89 13 366 382 396 409 427 448 471 497 520 559 599 642 690 734 789 842 891 945 1001 1061 1123 1179 1245 1310 1376 1452 1522 1596 1678 1751 1843 1927 2016 2108 2206 2297 2399 2492 2593 2685 2792 2891 2992 3104 3204 3322 3427 3543 3651 3769 3887 4001 4133 4253 4377 4509 4643 4774 4912 5038 5173 5316 5461 5606 5746 5913 6049 6211 6374 6535 6712 6876 7059 7246 7418 7604 7787 7959 8153 8339 8536 8716 8915 9120 9307 9511 9718 9924 
16 14 6198 6421 6660 6903 7153 7409 7669 7922 8191 8455 8717 8998 9267 9554 9846 
35 15 1255 1384 1521 1667 1829 1996 2180 2358 2546 2736 2936 3146 3352 3560 3790 4011 4256 4503 4756 5018 5282 5559 5852 6136 6445 6778 7118 7477 7824 8185 8544 8914 9291 9683 
36 16 778 880 1000 1129 1263 1407 1559 1724 1903 2095 2293 2499 2708 2925 3150 3376 3621 3865 4116 4388 4668 4940 5237 5527 5860 6179 6524 6882 7269 7655 8042 8438 8846 9258 9692 
5 17 7424 8054 8690 9367 
1 18 
6 19 8594 8888 9205 9518 9831 
1 20 
51 21 2912 3008 3115 3208 3319 3413 3528 3634 3732 3851 3956 4077 4196 4314 4435 4551 4683 4798 4927 5056 5183 5318 5447 5592 5717 5875 6003 6155 6307 6461 6623 6783 6947 7112 7294 7463 7628 7805 7973 8149 8321 8502 8673 8857 9053 9237 9424 9615 9812 9995 
130 22 2088 2127 2165 2205 2247 2284 2325 2372 2412 2452 2491 2531 2574 2622 2658 2702 2743 2790 2828 2872 2917 2965 3006 3049 3098 3149 3195 3240 3285 3331 3374 3421 3479 3522 3564 3617 3669 3713 3763 3812 3866 3918 3962 4013 4068 4118 4176 4229 4282 4341 4397 4452 4501 4557 4614 4675 4726 4782 4839 4897 4951 5013 5069 5128 5188 5249 5308 5360 5425 5487 5546 5616 5670 5729 5799 5874 5940 5989 6060 6128 6197 6262 6328 6398 6477 6541 6616 6686 6765 6841 6912 6992 7067 7134 7216 7303 7366 7457 7529 7608 7683 7756 7839 7912 7999 8085 8159 8233 8312 8398 8478 8560 8637 8718 8801 8876 8973 9058 9149 9221 9309 9395 9480 9563 9650 9743 9829 9921 9998 
86 23 437 458 478 505 531 568 614 654 700 748 800 848 903 953 1011 1070 1128 1188 1249 1313 1381 1453 1523 1594 1676 1748 1836 1921 2006 2097 2193 2285 2382 2476 2569 2665 2767 2862 2969 3075 3180 3288 3389 3505 3612 3719 3844 3950 4078 4199 4321 4453 4573 4709 4834 4964 5102 5236 5371 5506 5655 5801 5955 6102 6259 6417 6581 6750 6922 7099 7281 7460 7630 7813 7993 8181 8360 8548 8733 8927 9126 9311 9513 9713 9912 
1 24 
1 25 
45 26 643 724 816 910 1006 1113 1218 1336 1460 1586 1731 1882 2037 2201 2373 2542 2712 2896 3080 3263 3466 3664 3868 4083 4299 4522 4757 4989 5238 5485 5734 6004 6283 6576 6879 7196 7518 7837 8166 8498 8835 9186 9538 9899 
72 27 433 460 487 516 557 609 658 714 777 837 899 960 1030 1101 1170 1246 1328 1409 1492 1580 1674 1764 1869 1980 2084 2194 2304 2420 2534 2646 2774 2890 3012 3145 3264 3398 3533 3670 3804 3940 4093 4232 4380 4534 4695 4847 5011 5166 5337 5503 5673 5863 6031 6223 6412 6612 6818 7026 7243 7458 7667 7882 8105 8320 8550 8780 9009 9242 9478 9724 9957 
3 28 9351 9703 
1 29 
41 30 5358 5455 5549 5645 5735 5854 5948 6041 6148 6252 6361 6465 6572 6688 6803 6919 7034 7150 7279 7387 7515 7632 7747 7872 7996 8116 8238 8367 8488 8614 8739 8861 9003 9135 9257 9387 9525 9653 9794 9931 
1 31 
38 32 4865 4973 5091 5195 5313 5422 5536 5657 5777 5917 6020 6153 6281 6415 6550 6689 6833 6975 7120 7270 7411 7567 7714 7859 8015 8161 8304 8461 8619 8776 8934 9099 9250 9416 9580 9747 9917 
25 33 1620 1827 2051 2287 2533 2787 3042 3324 3598 3894 4204 4521 4856 5198 5563 5943 6325 6756 7202 7663 8125 8605 9102 9598 
68 34 593 644 699 757 814 871 939 1004 1076 1143 1213 1293 1365 1455 1538 1628 1719 1812 1918 2021 2135 2239 2350 2468 2581 2695 2809 2932 3052 3182 3306 3437 3558 3692 3836 3967 4109 4260 4413 4561 4716 4867 5028 5182 5346 5507 5680 5867 6033 6218 6405 6600 6801 7011 7214 7431 7649 7856 8077 8287 8507 8730 8958 9195 9420 9654 9898 
26 35 1410 1589 1799 2024 2265 2508 2763 3026 3301 3583 3882 4197 4516 4853 5201 5571 5951 6347 6779 7237 7699 8168 8639 9155 9661 
29 36 2058 2253 2442 2640 2842 3061 3275 3507 3729 3972 4223 4480 4748 5025 5299 5598 5900 6209 6539 6887 7260 7622 7995 8377 8761 9166 9560 9977 
1 37 
53 38 3194 3284 3373 3478 3563 3668 3761 3864 3961 4067 4175 4281 4396 4500 4612 4725 4838 4949 5067 5187 5307 5423 5545 5669 5798 5939 6057 6196 6327 6476 6615 6764 6911 7066 7213 7365 7528 7682 7838 7998 8158 8311 8476 8636 8800 8971 9148 9308 9479 9648 9827 9997 
22 39 3587 3811 4044 4284 4532 4788 5052 5325 5603 5893 6192 6507 6840 7181 7539 7888 8253 8616 8996 9376 9778 
69 40 681 732 793 849 911 970 1034 1100 1164 1235 1309 1389 1468 1546 1633 1721 1808 1914 2005 2111 2219 2320 2429 2537 2643 2759 2870 2983 3108 3227 3347 3477 3595 3718 3856 3984 4117 4263 4411 4544 4694 4841 4983 5141 5293 5451 5622 5771 5952 6119 6293 6484 6663 6864 7051 7261 7466 7661 7865 8076 8278 8486 8693 8919 9144 9348 9579 9810 
1 41 
27 42 378 430 507 631 799 977 1173 1403 1648 1931 2244 2566 2907 3260 3642 4036 4465 4911 5364 5871 6385 6962 7577 8194 8832 9498 
16 43 1706 2049 2432 2829 3256 3705 4195 4714 5257 5848 6481 7178 7907 8659 9460 
1 44 
84 45 350 354 362 379 393 408 428 450 476 503 535 572 620 672 722 782 835 889 949 1015 1080 1140 1203 1282 1351 1427 1510 1583 1675 1758 1855 1950 2043 2146 2254 2354 2463 2561 2671 2783 2897 3004 3123 3242 3356 3484 3601 3722 3857 3979 4110 4252 4395 4527 4679 4811 4961 5114 5264 5407 5575 5721 5904 6061 6232 6406 6587 6777 6967 7159 7353 7564 7753 7949 8160 8364 8567 8778 8991 9207 9419 9635 9864 
3 46 8904 9443 
1 47 
34 48 5312 5417 5533 5653 5767 5905 6011 6144 6267 6396 6532 6667 6809 6950 7087 7244 7376 7531 7675 7825 7961 8117 8266 8419 8570 8722 8870 9038 9202 9350 9523 9679 9849 
29 49 608 736 882 1044 1216 1412 1618 1857 2110 2384 2660 2957 3252 3568 3905 4254 4625 4997 5389 5819 6254 6737 7245 7755 8285 8830 9392 9969 
1 50 
20 51 2735 2998 3278 3562 3869 4184 4514 4852 5209 5582 5965 6376 6814 7282 7738 8224 8711 9226 9755 
7 52 6729 7250 7769 8305 8858 9442 
31 53 1311 1463 1627 1800 1989 2195 2400 2618 2827 3059 3293 3535 3781 4042 4315 4594 4882 5170 5480 5796 6133 6491 6860 7251 7643 8040 8446 8854 9287 9736 
54 54 3339 3418 3518 3600 3688 3788 3881 3973 4075 4170 4272 4371 4476 4581 4690 4786 4898 5003 5116 5228 5335 5445 5567 5676 5797 5932 6040 6167 6295 6423 6560 6696 6838 6977 7115 7268 7402 7559 7702 7845 7992 8135 8289 8442 8590 8743 8898 9060 9215 9371 9537 9702 9863 
19 55 4101 4358 4630 4904 5184 5478 5779 6098 6432 6788 7151 7532 7906 8297 8685 9106 9519 9941 
11 56 6618 6952 7308 7657 8018 8376 8737 9128 9502 9902 
11 57 5216 5611 6012 6459 6935 7429 7928 8449 8980 9527 
10 58 4881 5330 5812 6317 6877 7480 8088 8694 9342 
18 59 2981 3281 3589 3913 4249 4604 4972 5350 5758 6189 6636 7123 7626 8131 8649 9206 9764 
47 60 906 994 1083 1174 1280 1383 1494 1607 1732 1867 2000 2143 2292 2439 2599 2747 2906 3072 3239 3401 3579 3758 3939 4139 4326 4524 4731 4937 5149 5361 5594 5824 6053 6299 6557 6824 7102 7375 7665 7943 8234 8537 8828 9143 9440 9760 
43 61 651 740 834 930 1035 1142 1260 1380 1516 1649 1798 1959 2129 2295 2478 2650 2836 3028 3225 3422 3632 3846 4060 4287 4519 4763 5007 5259 5514 5782 6068 6356 6659 6983 7314 7645 7975 8310 8651 9018 9377 9753 
42 62 1340 1454 1569 1698 1821 1964 2106 2260 2416 2562 2725 2885 3046 3221 3393 3569 3754 3941 4144 4342 4541 4750 4962 5177 5393 5633 5878 6115 6371 6631 6909 7189 7484 7768 8073 8365 8654 8977 9282 9607 9935 
1 63 
6 64 6894 7516 8138 8793 9467 
1 65 
8 66 5774 6353 6979 7647 8314 9025 9762 
11 67 3712 4193 4706 5245 5818 6435 7124 7848 8586 9363 
27 68 576 717 875 1053 1243 1457 1695 1956 2245 2544 2852 3185 3530 3883 4266 4670 5087 5512 5974 6479 7014 7578 8141 8734 9336 9973 
32 69 753 874 1014 1152 1308 1482 1660 1864 2078 2303 2540 2779 3029 3290 3554 3839 4122 4434 4743 5072 5399 5755 6127 6519 6937 7361 7809 8256 8706 9192 9672 
63 70 3016 3092 3176 3246 3336 3408 3499 3576 3661 3745 3831 3921 4000 4099 4188 4278 4369 4468 4563 4660 4753 4848 4946 5046 5148 5254 5348 5458 5565 5664 5770 5894 5993 6116 6231 6348 6469 6588 6721 6846 6972 7104 7242 7362 7501 7636 7761 7896 8039 8178 8307 8453 8584 8727 8863 9014 9167 9301 9449 9596 9752 9903 
39 71 4003 4129 4246 4368 4489 4622 4744 4874 5002 5134 5270 5396 5537 5681 5838 5969 6125 6270 6431 6592 6759 6930 7100 7276 7451 7621 7801 7974 8154 8331 8518 8692 8875 9076 9261 9456 9647 9853 
5 72 8350 8752 9178 9599 
43 73 1277 1386 1498 1610 1738 1872 2009 2158 2305 2461 2616 2772 2931 3095 3261 3443 3616 3801 3983 4181 4373 4582 4784 4993 5215 5432 5660 5911 6142 6389 6654 6934 7209 7498 7789 8081 8375 8660 8978 9279 9603 9928 
22 74 2144 2402 2663 2941 3230 3529 3835 4163 4498 4854 5226 5610 6000 6437 6897 7377 7873 8378 8883 9422 9966 
1 75 
16 76 3644 3958 4301 4656 5020 5388 5792 6215 6664 7142 7651 8144 8652 9201 9748 
1 77 
37 78 372 406 455 511 602 708 832 963 1105 1256 1421 1595 1788 2001 2226 2466 2701 2946 3200 3473 3744 4026 4336 4651 4967 5301 5646 6008 6395 6810 7247 7679 8123 8579 9056 9536 
1 79 
20 80 1877 2154 2453 2756 3078 3406 3759 4142 4523 4934 5356 5815 6286 6812 7356 7924 8505 9110 9734 
25 81 1382 1573 1784 2015 2266 2519 2784 3060 3346 3641 3945 4276 4618 4968 5333 5707 6121 6547 7012 7488 7969 8464 8981 9503 
54 82 976 1051 1130 1210 1299 1393 1489 1582 1687 1791 1915 2029 2152 2280 2408 2535 2662 2799 2935 3077 3218 3361 3517 3663 3814 3970 4143 4306 4474 4647 4818 4995 5180 5362 5560 5752 5957 6160 6375 6591 6821 7052 7304 7541 7780 8027 8270 8528 8779 9036 9293 9561 9840 
15 83 3148 3511 3886 4291 4722 5159 5635 6134 6671 7266 7863 8480 9127 9787 
20 84 3313 3561 3832 4108 4405 4700 5004 5326 5650 5992 6365 6751 7154 7581 7997 8425 8860 9319 9790 
1 85 
42 86 5896 5970 6055 6147 6238 6319 6414 6510 6601 6698 6794 6889 6993 7086 7185 7299 7386 7492 7597 7698 7803 7895 8008 8108 8215 8309 8421 8531 8630 8736 8847 8954 9065 9182 9280 9397 9512 9626 9739 9854 9959 
18 87 2334 2639 2964 3299 3649 4016 4420 4830 5258 5699 6195 6717 7274 7840 8427 9035 9665 
1 88 
28 89 610 741 887 1052 1227 1423 1636 1873 2136 2411 2687 2980 3295 3615 3944 4311 4685 5064 5468 5897 6339 6829 7342 7868 8402 8959 9533 
36 90 423 479 548 652 771 898 1032 1175 1337 1511 1699 1897 2117 2344 2585 2820 3081 3343 3613 3895 4192 4497 4812 5146 5488 5856 6221 6622 7038 7485 7921 8380 8840 9317 9818 
20 91 1619 1886 2173 2477 2791 3120 3470 3829 4211 4623 5041 5486 5961 6460 7009 7586 8164 8767 9385 
10 92 4126 4653 5200 5784 6430 7133 7884 8641 9453 
122 93 1701 1737 1774 1815 1865 1906 1949 1991 2038 2085 2131 2178 2221 2268 2313 2361 2415 2458 2502 2550 2604 2645 2700 2746 2797 2843 2899 2954 2999 3050 3109 3160 3209 3259 3325 3365 3426 3487 3541 3593 3648 3701 3760 3817 3880 3937 3992 4053 4111 4180 4240 4304 4365 4433 4486 4553 4621 4689 4747 4808 4883 4941 5016 5082 5147 5217 5284 5349 5415 5493 5568 5637 5698 5778 5864 5941 5997 6085 6161 6241 6313 6393 6485 6561 6639 6734 6815 6899 6990 7073 7160 7259 7340 7434 7521 7610 7703 7795 7879 7966 8072 8155 8243 8336 8431 8529 8617 8705 8804 8907 9004 9104 9197 9289 9389 9488 9586 9694 9793 9893 9986 
67 94 410 436 466 495 526 575 630 693 756 821 886 957 1031 1109 1187 1268 1355 1443 1539 1638 1740 1850 1961 2079 2199 2317 2441 2567 2698 2821 2960 3091 3236 3366 3520 3665 3809 3960 4115 4280 4449 4610 4781 4952 5129 5311 5489 5672 5877 6067 6263 6483 6694 6917 7140 7374 7615 7849 8093 8322 8568 8813 9067 9321 9581 9845 
68 95 5523 5593 5643 5690 5751 5805 5873 5929 5972 6028 6093 6150 6210 6264 6323 6386 6447 6513 6570 6635 6709 6767 6832 6895 6960 7029 7091 7158 7229 7305 7355 7433 7497 7574 7634 7705 7764 7835 7900 7976 8046 8112 8187 8254 8317 8395 8459 8540 8606 8664 8745 8817 8881 8965 9037 9118 9188 9255 9328 9406 9481 9555 9631 9711 9788 9862 9940 
9 96 5915 6359 6851 7363 7893 8440 9000 9571 
4 97 8773 9236 9721 
1 98 
14 99 5452 5738 6045 6370 6710 7050 7414 7783 8151 8532 8913 9305 9716 
5 100 7957 8533 9121 9722 
12 101 6531 6834 7132 7461 7770 8097 8417 8750 9095 9437 9792 
93 102 361 374 390 401 418 439 457 477 502 525 562 605 646 691 733 786 836 881 934 990 1045 1103 1158 1219 1286 1346 1416 1485 1553 1625 1704 1776 1861 1945 2030 2118 2211 2296 2391 2484 2577 2668 2769 2860 2966 3066 3171 3265 3370 3485 3588 3693 3806 3924 4034 4157 4274 4403 4517 4646 4773 4902 5031 5155 5288 5426 5569 5695 5858 5986 6141 6289 6446 6610 6773 6943 7108 7292 7467 7631 7810 7983 8162 8340 8526 8697 8877 9081 9262 9454 9645 9851 
1 103 
2 104 9294 
1 105 
43 106 1981 2099 2224 2352 2483 2614 2744 2879 3018 3163 3307 3456 3604 3755 3917 4076 4241 4415 4585 4759 4935 5119 5302 5492 5683 5891 6091 6301 6523 6747 6985 7219 7473 7710 7945 8196 8451 8696 8963 9222 9490 9768 
58 107 1879 1968 2057 2151 2251 2338 2437 2543 2638 2740 2839 2949 3053 3165 3266 3378 3498 3607 3720 3847 3959 4092 4210 4345 4470 4601 4735 4869 5001 5142 5283 5420 5574 5710 5880 6018 6188 6345 6514 6681 6865 7036 7218 7395 7590 7766 7953 8140 8332 8530 8712 8916 9123 9314 9522 9726 9934 
105 108 623 660 695 729 767 809 845 878 923 965 1005 1049 1094 1138 1181 1232 1283 1331 1377 1431 1490 1541 1593 1651 1715 1768 1838 1900 1970 2036 2103 2175 2243 2312 2388 2459 2527 2605 2673 2748 2819 2901 2975 3058 3136 3214 3298 3375 3465 3547 3629 3711 3802 3889 3975 4065 4162 4251 4348 4443 4533 4635 4733 4832 4929 5033 5131 5234 5338 5438 5547 5656 5765 5886 5987 6112 6225 6344 6466 6590 6724 6850 6981 7106 7253 7373 7517 7654 7790 7918 8064 8195 8334 8477 8618 8763 8910 9054 9203 9337 9494 9639 9799 9947 
49 109 4141 4224 4317 4417 4508 4603 4705 4795 4901 4992 5101 5197 5304 5402 5508 5625 5719 5849 5959 6070 6187 6298 6420 6542 6668 6796 6931 7060 7187 7325 7469 7596 7729 7864 8003 8132 8277 8413 8557 8689 8838 8986 9138 9270 9421 9567 9728 9870 
17 110 2648 2978 3333 3689 4081 4485 4918 5352 5841 6332 6880 7475 8061 8657 9296 9954 
21 111 2501 2762 3034 3320 3606 3916 4233 4569 4919 5276 5649 6043 6468 6916 7381 7867 8356 8850 9369 9906 
9 112 6305 6731 7175 7637 8100 8574 9070 9570 
1 113 
1 114 
14 115 4040 4398 4760 5136 5524 5956 6391 6873 7369 7889 8412 8950 9516 
28 116 3914 4084 4257 4438 4620 4801 4987 5185 5378 5589 5786 5996 6227 6455 6693 6939 7184 7446 7704 7955 8221 8483 8753 9029 9304 9587 9872 
23 117 1887 2120 2369 2624 2875 3156 3441 3723 4035 4363 4701 5043 5401 5780 6190 6609 7063 7533 8014 8493 8997 9514 
2 118 9994 
1 119 
1 120 
1 121 
4 122 9145 9506 9886 
9 123 3879 4472 5113 5795 6563 7407 8295 9224 
1 124 
36 125 4718 4836 4957 5086 5206 5331 5464 5597 5713 5868 5991 6135 6279 6426 6578 6738 6890 7049 7211 7370 7546 7713 7871 8043 8211 8382 8552 8720 8894 9079 9253 9435 9620 9805 9983 
1 126 
1 127 
40 128 586 674 776 873 984 1104 1224 1356 1504 1647 1807 1985 2174 2362 2553 2752 2958 3173 3384 3609 3845 4082 4328 4587 4846 5121 5386 5682 5980 6296 6627 6976 7333 7695 8069 8436 8814 9209 9608 
2 129 9822 
34 130 775 890 1020 1153 1303 1462 1631 1813 2018 2229 2454 2675 2908 3153 3399 3658 3927 4207 4495 4793 5109 5421 5757 6110 6482 6869 7285 7691 8114 8547 8990 9439 9907 
23 131 6047 6207 6369 6530 6705 6872 7046 7230 7404 7593 7765 7948 8133 8319 8514 8695 8889 9097 9283 9485 9691 9895 
46 132 1433 1535 1642 1755 1885 2004 2140 2272 2410 2545 2682 2823 2972 3125 3272 3434 3591 3752 3923 4098 4270 4456 4638 4821 5015 5207 5398 5614 5826 6032 6258 6495 6735 6980 7238 7490 7743 8016 8272 8543 8809 9093 9365 9655 9945 
20 133 4324 4562 4794 5040 5291 5555 5832 6097 6387 6695 7016 7338 7672 8010 8345 8678 9046 9404 9775 
44 134 1714 1830 1951 2074 2207 2333 2472 2609 2742 2884 3027 3178 3329 3482 3635 3797 3952 4127 4303 4477 4663 4843 5032 5220 5403 5617 5821 6019 6248 6473 6711 6946 7188 7447 7697 7944 8206 8462 8729 9005 9268 9550 9834 
19 135 2656 2934 3224 3525 3841 4166 4510 4868 5242 5628 6030 6472 6938 7425 7915 8426 8948 9489 
3 136 9707 9874 
1 137 
34 138 386 421 480 558 669 802 936 1086 1251 1428 1623 1839 2071 2316 2571 2831 3112 3390 3682 3989 4319 4665 5010 5368 5750 6151 6574 7032 7508 7986 8475 8985 9501 
2 139 9939 
20 140 3778 4025 4295 4567 4849 5139 5435 5742 6075 6411 6772 7144 7540 7920 8316 8724 9151 9564 9999 
23 141 2105 2349 2607 2859 3133 3412 3704 4008 4340 4677 5019 5374 5749 6145 6564 7020 7486 7950 8441 8937 9446 9974 
1 142 
31 143 4570 4717 4857 4999 5153 5303 5456 5620 5766 5944 6106 6273 6454 6633 6823 7019 7206 7399 7606 7806 8004 8202 8403 8611 8822 9033 9248 9463 9684 9908 
115 144 649 683 713 746 784 815 850 884 922 956 996 1037 1078 1117 1151 1193 1237 1288 1330 1371 1422 1471 1519 1568 1615 1670 1725 1778 1837 1893 1953 2010 2075 2141 2202 2264 2326 2393 2457 2520 2591 2647 2719 2789 2853 2924 2991 3069 3137 3203 3282 3353 3428 3509 3577 3652 3725 3808 3890 3964 4047 4140 4214 4300 4381 4473 4559 4650 4737 4824 4916 4998 5098 5186 5279 5372 5470 5570 5659 5761 5872 5966 6071 6172 6274 6383 6500 6611 6727 6844 6958 7075 7199 7321 7442 7569 7684 7811 7926 8057 8186 8300 8430 8558 8674 8811 8946 9080 9210 9333 9473 9611 9750 9883 
1 145 
1 146 
32 147 1447 1597 1759 1940 2125 2315 2514 2713 2923 3144 3359 3590 3828 4074 4327 4593 4863 5137 5419 5711 6023 6357 6700 7054 7427 7804 8184 8563 8955 9355 9781 
3 148 8775 9451 
1 149 
30 150 1854 2026 2217 2404 2600 2796 3001 3213 3435 3657 3891 4138 4378 4644 4909 5171 5454 5737 6044 6366 6699 7043 7400 7762 8130 8512 8885 9281 9690 
2 151 9779 
35 152 376 414 468 533 633 761 888 1033 1186 1353 1534 1734 1955 2189 2433 2681 2942 3212 3500 3789 4097 4419 4745 5093 5442 5829 6213 6632 7078 7547 8020 8487 8984 9487 
11 153 5305 5700 6139 6599 7088 7607 8119 8645 9208 9774 
5 154 9235 9461 9698 9932 
2 155 9841 
60 156 351 360 381 400 425 462 498 539 603 666 742 817 901 982 1073 1160 1259 1359 1469 1578 1702 1819 1957 2094 2235 2385 2528 2679 2830 2986 3154 3321 3489 3653 3834 4006 4201 4399 4589 4785 4988 5199 5406 5634 5870 6094 6330 6583 6849 7114 7384 7668 7938 8226 8516 8802 9109 9405 9719 
13 157 5008 5359 5724 6126 6540 6988 7453 7908 8396 8872 9390 9915 
26 158 1176 1354 1547 1756 1994 2249 2503 2775 3047 3345 3645 3954 4294 4645 4996 5373 5764 6183 6624 7092 7587 8087 8582 9116 9643 
63 159 431 463 493 527 580 639 704 769 840 913 983 1064 1145 1228 1317 1414 1512 1606 1716 1831 1948 2069 2197 2322 2455 2590 2717 2854 2993 3142 3289 3440 3584 3738 3900 4061 4230 4408 4575 4754 4931 5118 5306 5496 5686 5906 6101 6314 6538 6769 7010 7257 7494 7736 7990 8239 8494 8754 9017 9278 9553 9830 
1 160 
18 161 3138 3420 3715 4023 4356 4699 5045 5404 5791 6200 6628 7082 7568 8044 8542 9043 9559 
1 162 
69 163 1326 1390 1456 1525 1590 1669 1744 1823 1912 1993 2081 2170 2261 2345 2436 2532 2630 2722 2815 2913 3011 3117 3217 3326 3423 3534 3639 3748 3861 3969 4095 4208 4325 4454 4568 4698 4817 4945 5076 5208 5340 5477 5618 5753 5907 6039 6194 6340 6501 6656 6822 6994 7157 7331 7504 7677 7851 8029 8203 8384 8562 8742 8930 9124 9298 9491 9685 9877 
25 164 1613 1832 2062 2306 2557 2817 3088 3372 3673 3977 4302 4642 4982 5345 5714 6122 6544 7002 7478 7942 8435 8936 9452 9981 
4 165 9062 9412 9773 
1 166 
18 167 1392 1668 1987 2339 2711 3107 3521 3949 4431 4924 5440 5998 6617 7290 7970 8671 9425 
93 168 2838 2894 2945 2995 3048 3111 3164 3216 3267 3330 3383 3446 3501 3553 3614 3674 3724 3792 3852 3911 3966 4029 4100 4164 4220 4285 4352 4423 4481 4548 4616 4687 4749 4813 4888 4953 5029 5100 5158 5235 5310 5377 5449 5519 5602 5668 5745 5836 5916 5976 6054 6138 6220 6302 6381 6471 6552 6638 6733 6820 6905 7000 7084 7180 7278 7359 7465 7554 7650 7733 7828 7919 8025 8113 8210 8301 8399 8495 8595 8682 8789 8879 8992 9096 9196 9290 9393 9496 9600 9709 9813 9920 
11 169 5666 6076 6503 6955 7440 7916 8414 8928 9450 9988 
54 170 791 859 935 1019 1102 1184 1276 1368 1473 1574 1684 1797 1920 2044 2182 2308 2449 2587 2724 2861 3009 3162 3318 3474 3627 3793 3951 4128 4307 4482 4672 4850 5039 5240 5430 5640 5857 6058 6280 6515 6754 7003 7258 7509 7757 8026 8284 8551 8819 9101 9370 9656 9944 
60 171 1168 1242 1316 1395 1480 1560 1641 1736 1833 1928 2031 2139 2242 2348 2464 2568 2680 2795 2911 3031 3152 3268 3395 3527 3650 3783 3920 4050 4194 4338 4478 4631 4779 4926 5088 5241 5387 5561 5716 5902 6072 6249 6428 6621 6817 7018 7212 7420 7627 7832 8045 8255 8465 8672 8906 9131 9343 9573 9811 
1 172 
17 173 1710 2034 2394 2766 3166 3580 4020 4504 5009 5534 6113 6740 7410 8110 8829 9583 
18 174 1908 2227 2572 2930 3309 3700 4125 4578 5049 5543 6080 6652 7288 7923 8588 9277 9996 
55 175 365 391 413 445 481 522 585 659 737 822 908 998 1096 1192 1302 1417 1531 1657 1790 1936 2087 2236 2397 2551 2714 2883 3054 3232 3405 3594 3784 3976 4182 4383 4600 4809 5036 5261 5494 5723 5977 6240 6508 6787 7072 7364 7670 7963 8276 8583 8905 9223 9552 9888 
4 176 8960 9306 9667 
20 177 2138 2413 2688 2979 3294 3611 3942 4305 4680 5059 5463 5888 6326 6819 7330 7854 8389 8939 9515 
26 178 4891 5050 5219 5382 5564 5730 5928 6107 6297 6498 6706 6910 7125 7343 7571 7788 8013 8230 8457 8679 8925 9170 9400 9641 9896 
10 179 8503 8668 8851 9039 9219 9403 9585 9783 9960 
6 180 7344 7857 8381 8917 9468 
1 181 
85 182 496 519 552 594 632 679 725 779 824 868 925 981 1041 1090 1150 1206 1274 1339 1408 1477 1545 1616 1700 1767 1858 1943 2025 2115 2209 2294 2389 2485 2579 2672 2773 2863 2968 3073 3175 3273 3380 3493 3596 3707 3821 3936 4051 4172 4293 4422 4537 4671 4790 4925 5054 5189 5324 5460 5601 5731 5889 6025 6185 6333 6499 6655 6827 6998 7166 7341 7520 7693 7869 8049 8225 8408 8591 8782 8967 9164 9340 9544 9741 9938 
158 183 6217 6243 6260 6276 6300 6315 6343 6367 6382 6404 6427 6448 6474 6496 6516 6536 6558 6579 6602 6625 6642 6666 6692 6719 6742 6760 6782 6804 6828 6853 6871 6893 6918 6942 6963 6991 7013 7033 7057 7077 7105 7127 7146 7174 7197 7220 7252 7272 7301 7320 7337 7354 7380 7405 7437 7464 7482 7506 7530 7558 7582 7603 7623 7653 7671 7694 7724 7737 7758 7793 7817 7833 7862 7885 7902 7930 7952 7980 8012 8032 8056 8086 8102 8122 8150 8179 8197 8222 8246 8271 8294 8315 8347 8374 8397 8418 8444 8466 8492 8521 8545 8566 8589 8615 8638 8655 8680 8709 8741 8771 8790 8815 8844 8859 8884 8922 8944 8969 8999 9022 9048 9073 9105 9130 9157 9181 9204 9225 9249 9272 9300 9325 9349 9380 9408 9431 9458 9486 9517 9542 9562 9590 9621 9638 9674 9704 9731 9756 9786 9807 9832 9861 9882 9914 9942 9961 9985 
18 184 1730 2039 2379 2727 3086 3486 3893 4332 4791 5281 5793 6352 6956 7605 8261 8940 9646 
42 185 1680 1794 1923 2053 2192 2327 2470 2613 2757 2904 3057 3211 3363 3536 3694 3873 4043 4221 4412 4598 4783 4979 5178 5379 5599 5806 6021 6257 6497 6745 7001 7263 7524 7792 8058 8324 8604 8871 9176 9457 9758 
1 186 
55 187 352 368 392 416 446 488 529 596 667 749 833 920 1016 1112 1208 1320 1435 1555 1682 1814 1965 2114 2269 2428 2592 2753 2920 3094 3270 3461 3643 3837 4024 4235 4450 4666 4880 5105 5332 5573 5814 6063 6318 6597 6881 7177 7481 7777 8091 8394 8701 9028 9347 9688 
20 188 546 735 961 1214 1514 1852 2240 2651 3089 3556 4062 4606 5176 5788 6462 7207 7989 8796 9637 
14 189 4427 4777 5140 5516 5934 6350 6806 7297 7784 8283 8799 9326 9875 
28 190 2046 2250 2450 2654 2864 3085 3323 3552 3796 4045 4312 4583 4858 5143 5436 5743 6073 6401 6762 7130 7519 7897 8293 8688 9113 9532 9955 
134 191 578 607 627 657 685 712 743 773 805 831 860 894 924 958 992 1024 1059 1097 1132 1163 1198 1240 1285 1318 1358 1402 1441 1488 1529 1570 1612 1662 1713 1753 1805 1860 1913 1963 2012 2068 2126 2183 2230 2288 2342 2403 2465 2517 2575 2634 2693 2750 2808 2867 2933 2990 3056 3119 3184 3245 3311 3367 3444 3510 3567 3638 3702 3775 3848 3915 3980 4052 4130 4202 4275 4351 4429 4502 4577 4659 4734 4806 4892 4966 5048 5130 5213 5289 5376 5465 5540 5631 5708 5803 5901 5978 6077 6164 6261 6358 6451 6549 6647 6753 6859 6957 7064 7168 7283 7378 7491 7599 7709 7814 7914 8033 8134 8249 8362 8468 8580 8687 8805 8926 9041 9165 9266 9388 9509 9630 9751 9868 9984 
1 192 
30 193 6373 6487 6593 6713 6826 6945 7065 7182 7311 7430 7556 7674 7802 7917 8048 8175 8296 8424 8554 8670 8808 8943 9078 9212 9334 9477 9613 9757 9894 
17 194 2370 2697 3041 3402 3794 4200 4633 5089 5558 6056 6606 7200 7819 8443 9098 9772 
1 195 
1 196 
1 197 
10 198 4627 5099 5596 6123 6703 7324 7958 8626 9315 
23 199 3223 3445 3667 3897 4145 4389 4648 4914 5175 5462 5744 6046 6368 6701 7044 7398 7760 8128 8506 8878 9276 9680 
20 200 2257 2536 2825 3134 3460 3791 4149 4513 4903 5298 5712 6168 6645 7162 7700 8235 8794 9366 9963 
2 201 9551 
1 202 
41 203 2976 3102 3226 3351 3481 3605 3733 3878 4004 4156 4296 4446 4595 4742 4899 5053 5212 5370 5529 5694 5884 6048 6233 6418 6613 6811 7015 7217 7428 7639 7847 8063 8273 8491 8704 8933 9168 9384 9624 9859 
18 204 2504 2800 3113 3431 3764 4114 4490 4885 5287 5705 6163 6648 7173 7715 8258 8820 9402 
1 205 
1 206 
23 207 384 452 564 751 966 1201 1486 1796 2164 2549 2963 3397 3862 4362 4895 5450 6052 6725 7443 8190 8962 9777 
47 208 1289 1378 1487 1585 1705 1818 1947 2076 2213 2341 2486 2629 2771 2915 3068 3219 3371 3540 3695 3867 4037 4213 4404 4584 4772 4960 5154 5351 5566 5768 5985 6214 6444 6690 6941 7195 7462 7723 7981 8247 8524 8792 9075 9352 9642 9943 
112 209 1795 1847 1890 1933 1982 2027 2077 2128 2177 2222 2276 2321 2375 2423 2475 2522 2576 2631 2677 2732 2786 2834 2889 2944 2996 3055 3114 3170 3222 3277 3341 3391 3454 3516 3566 3630 3685 3749 3807 3875 3933 3991 4059 4120 4190 4255 4320 4387 4460 4518 4592 4662 4727 4792 4866 4936 5006 5078 5150 5224 5292 5365 5437 5513 5600 5665 5740 5835 5918 5979 6066 6146 6230 6311 6394 6490 6566 6658 6749 6843 6936 7027 7119 7210 7315 7394 7495 7595 7688 7786 7877 7977 8078 8171 8265 8369 8460 8564 8653 8766 8856 8968 9072 9179 9271 9379 9484 9588 9701 9808 9916 
22 210 5244 5427 5626 5830 6017 6237 6452 6676 6914 7147 7388 7642 7883 8127 8387 8635 8896 9173 9428 9706 9971 
6 211 6971 7625 8292 8988 9712 
1 212 
8 213 5081 5701 6397 7171 7982 8824 9710 
33 214 5688 5808 5936 6038 6162 6277 6400 6529 6657 6792 6925 7061 7192 7335 7479 7611 7744 7887 8035 8173 8308 8456 8602 8748 8890 9047 9199 9338 9497 9649 9814 9962 
53 215 1115 1191 1281 1361 1461 1557 1656 1762 1878 1988 2112 2232 2360 2490 2623 2745 2881 3017 3159 3300 3452 3592 3743 3899 4054 4217 4382 4554 4728 4905 5084 5262 5443 5639 5842 6026 6244 6450 6670 6901 7131 7367 7613 7853 8098 8341 8585 8843 9107 9354 9629 9897 
60 216 1496 1572 1652 1739 1828 1919 2011 2109 2214 2307 2417 2515 2625 2723 2826 2939 3043 3161 3271 3388 3513 3628 3750 3877 3998 4132 4261 4400 4526 4674 4804 4947 5095 5243 5381 5532 5685 5859 6001 6176 6341 6518 6697 6875 7068 7262 7454 7644 7829 8030 8223 8423 8622 8825 9031 9239 9447 9664 9876 
1 217 
1 218 
18 219 2493 2793 3106 3429 3770 4131 4507 4907 5314 5736 6205 6704 7232 7773 8326 8900 9493 
16 220 1373 1693 2055 2462 2880 3334 3810 4331 4884 5471 6103 6802 7570 8348 9174 
35 221 1312 1445 1584 1741 1909 2080 2263 2448 2636 2824 3030 3238 3453 3671 3892 4121 4366 4617 4872 5133 5394 5678 5968 6271 6594 6932 7280 7624 7978 8335 8700 9087 9462 9860 
51 222 6605 6665 6736 6795 6861 6920 6989 7048 7111 7179 7254 7317 7368 7444 7510 7579 7646 7711 7771 7836 7899 7968 8041 8107 8177 8240 8303 8379 8445 8517 8581 8643 8719 8791 8853 8932 9007 9077 9154 9218 9286 9357 9433 9508 9582 9652 9735 9806 9873 9949 
18 223 3800 4072 4359 4658 4958 5275 5604 5949 6303 6682 7081 7502 7913 8351 8784 9231 9699 
1 224 
16 225 4245 4558 4878 5210 5556 5923 6290 6702 7126 7575 8021 8463 8935 9415 9911 
8 226 7193 7633 8083 8534 8995 9470 9958 
742 227 532 536 540 544 547 550 554 560 563 567 570 574 581 583 590 595 601 606 613 615 618 621 625 629 634 640 648 650 655 662 665 670 675 680 686 692 697 701 707 709 716 721 726 730 738 744 750 754 762 764 770 780 783 787 792 797 807 811 813 818 825 828 838 844 847 854 857 861 864 869 877 885 892 900 905 912 917 921 926 931 938 944 950 955 962 969 975 980 985 993 997 1003 1012 1018 1022 1027 1040 1043 1047 1055 1060 1067 1077 1082 1085 1089 1099 1106 1114 1121 1127 1133 1137 1144 1149 1154 1162 1167 1172 1180 1190 1194 1197 1205 1215 1223 1231 1236 1244 1252 1261 1266 1271 1284 1290 1294 1301 1306 1314 1324 1332 1338 1343 1350 1357 1360 1370 1379 1391 1397 1406 1413 1420 1426 1432 1439 1450 1459 1465 1474 1484 1491 1497 1507 1515 1520 1528 1532 1543 1550 1561 1566 1575 1581 1587 1598 1602 1611 1621 1630 1640 1643 1655 1664 1677 1681 1694 1703 1712 1717 1726 1733 1742 1747 1757 1766 1775 1786 1792 1802 1810 1820 1834 1844 1853 1862 1870 1883 1889 1896 1910 1916 1924 1937 1946 1954 1966 1977 1983 1992 1999 2008 2020 2032 2040 2050 2060 2070 2082 2092 2098 2107 2122 2134 2142 2150 2161 2172 2184 2191 2203 2215 2220 2228 2241 2255 2262 2273 2281 2291 2299 2309 2319 2330 2337 2353 2366 2376 2386 2396 2405 2418 2425 2434 2446 2456 2469 2479 2489 2495 2506 2518 2526 2541 2548 2556 2570 2582 2595 2606 2617 2628 2635 2641 2652 2661 2674 2684 2699 2707 2716 2731 2738 2751 2761 2776 2785 2794 2805 2813 2822 2835 2844 2857 2865 2882 2895 2903 2914 2927 2937 2951 2961 2971 2977 2989 3002 3013 3025 3039 3044 3062 3074 3082 3090 3110 3118 3128 3143 3155 3167 3177 3190 3198 3205 3220 3235 3244 3249 3262 3276 3292 3302 3316 3328 3342 3350 3357 3364 3382 3394 3403 3414 3432 3450 3459 3471 3483 3494 3508 3519 3531 3542 3550 3557 3571 3586 3597 3610 3625 3636 3647 3659 3675 3681 3691 3706 3717 3728 3747 3757 3773 3786 3799 3805 3818 3838 3850 3860 3876 3884 3898 3909 3925 3934 3943 3955 3971 3985 3999 4005 4018 4038 4048 4063 4080 4096 4106 4112 4137 4151 4160 4168 4185 4198 4209 4222 4238 4248 4267 4277 4290 4309 4316 4333 4347 4360 4370 4384 4407 4418 4432 4445 4461 4469 4479 4493 4511 4520 4535 4549 4565 4580 4596 4607 4624 4639 4652 4669 4684 4693 4711 4723 4736 4746 4762 4778 4787 4802 4814 4833 4845 4862 4876 4893 4910 4920 4930 4943 4959 4974 4986 5005 5023 5035 5047 5062 5079 5096 5111 5124 5135 5152 5161 5179 5194 5211 5230 5246 5256 5271 5285 5295 5315 5329 5343 5354 5375 5383 5397 5412 5433 5448 5469 5481 5497 5505 5520 5538 5562 5578 5595 5609 5623 5638 5648 5663 5679 5693 5706 5720 5739 5763 5772 5789 5813 5837 5853 5869 5882 5898 5921 5935 5946 5960 5967 5982 5994 6014 6036 6051 6074 6090 6105 6124 6137 6154 6171 6193 6206 6224 6245 6256 6268 6285 6308 6320 6342 6362 6378 6392 6413 6429 6443 6464 6488 6504 6521 6537 6554 6569 6589 6608 6626 6641 6661 6677 6708 6726 6743 6757 6774 6793 6813 6831 6852 6868 6884 6902 6924 6944 6961 6984 7004 7024 7035 7056 7074 7093 7110 7129 7148 7172 7186 7208 7233 7255 7273 7296 7312 7326 7345 7360 7379 7396 7421 7445 7472 7483 7500 7522 7543 7566 7584 7602 7617 7641 7660 7676 7696 7720 7731 7749 7774 7797 7816 7830 7852 7870 7892 7904 7927 7946 7962 7991 8019 8034 8051 8075 8094 8109 8126 8146 8170 8192 8209 8227 8248 8267 8288 8302 8327 8353 8373 8390 8407 8428 8452 8467 8489 8510 8538 8553 8569 8587 8610 8631 8644 8662 8686 8708 8735 8757 8777 8797 8816 8836 8852 8869 8899 8923 8941 8964 8987 9008 9027 9049 9068 9091 9119 9139 9160 9180 9198 9217 9238 9256 9274 9295 9320 9335 9359 9382 9407 9426 9448 9469 9492 9520 9539 9556 9578 9602 9627 9640 9668 9693 9714 9737 9759 9782 9800 9824 9844 9865 9884 9909 9933 9948 9967 9990 
32 228 3938 4088 4234 4391 4543 4707 4864 5030 5193 5357 5526 5702 5899 6082 6266 6467 6669 6878 7098 7319 7537 7752 7979 8201 8429 8648 8886 9142 9368 9616 9866 
44 229 972 1069 1165 1272 1388 1508 1629 1760 1904 2052 2212 2371 2525 2690 2856 3033 3206 3387 3575 3766 3957 4167 4372 4590 4805 5034 5260 5495 5728 5981 6250 6520 6799 7096 7390 7701 8005 8306 8625 8947 9269 9609 9946 
23 230 2552 2780 3010 3254 3512 3767 4032 4318 4613 4917 5227 5542 5887 6234 6604 7006 7408 7826 8244 8665 9129 9566 
13 231 4889 5247 5612 5990 6402 6848 7313 7778 8259 8747 9251 9784 
45 232 1333 1430 1537 1646 1765 1892 2023 2162 2298 2435 2586 2730 2874 3032 3191 3348 3515 3678 3849 4015 4206 4390 4576 4771 4965 5162 5369 5587 5794 6013 6251 6494 6744 6997 7264 7527 7796 8070 8333 8613 8891 9189 9476 9780 
1 233 
28 234 5504 5647 5787 5945 6089 6242 6390 6553 6723 6883 7055 7234 7397 7585 7750 7929 8111 8290 8469 8646 8839 9030 9220 9411 9606 9804 9992 
1 235 
46 236 1458 1562 1665 1782 1901 2028 2159 2290 2426 2558 2703 2841 2984 3139 3291 3451 3602 3762 3932 4102 4273 4459 4641 4822 5012 5202 5391 5605 5810 6016 6247 6475 6715 6953 7204 7471 7722 7972 8232 8499 8772 9044 9318 9605 9889 
19 237 4079 4346 4611 4894 5172 5475 5776 6099 6438 6797 7170 7560 7933 8328 8728 9150 9558 9987 
18 238 1257 1536 1863 2225 2620 3024 3467 3928 4430 4954 5511 6118 6784 7503 8241 9013 9825 
29 239 4055 4218 4386 4556 4730 4908 5090 5265 5446 5642 5845 6035 6246 6456 6674 6906 7135 7372 7619 7861 8103 8352 8598 8848 9115 9364 9632 9905 
1 240 
14 241 7358 7573 7759 7964 8183 8386 8592 8803 9023 9241 9459 9687 9918 
1 242 
16 243 2153 2512 2886 3286 3698 4153 4629 5126 5654 6228 6855 7525 8214 8924 9670 
4 244 8269 8956 9676 
10 245 5408 5879 6355 6874 7438 8001 8576 9185 9809 
5 246 8749 9059 9362 9686 
7 247 7459 7910 8393 8866 9378 9900 
7 248 7719 8118 8539 8953 9386 9837 
13 249 4292 4681 5070 5483 5927 6380 6885 7416 7951 8509 9088 9677 
194 250 1728 1745 1772 1801 1825 1856 1884 1911 1932 1962 1986 2013 2042 2072 2101 2132 2157 2186 2218 2246 2277 2300 2329 2359 2390 2421 2451 2482 2507 2539 2565 2601 2633 2657 2686 2718 2749 2782 2810 2840 2873 2905 2938 2970 3000 3036 3070 3099 3129 3168 3197 3233 3257 3297 3332 3362 3396 3433 3469 3503 3537 3565 3603 3637 3676 3703 3742 3779 3813 3853 3888 3926 3953 3993 4030 4071 4107 4152 4186 4219 4262 4297 4344 4374 4421 4462 4492 4531 4571 4615 4657 4696 4738 4776 4810 4855 4900 4938 4977 5026 5061 5107 5145 5192 5233 5274 5317 5353 5392 5441 5490 5525 5585 5627 5662 5703 5756 5802 5861 5908 5947 5983 6034 6086 6131 6182 6229 6272 6321 6377 6422 6480 6527 6577 6630 6679 6741 6790 6845 6892 6949 7007 7058 7109 7164 7222 7287 7334 7382 7448 7499 7563 7612 7666 7727 7779 7831 7890 7941 8007 8065 8115 8176 8229 8286 8346 8400 8458 8522 8571 8634 8684 8751 8807 8862 8931 8993 9052 9117 9177 9230 9288 9345 9413 9472 9540 9594 9660 9727 9789 9852 9913 9968 
1 251 
28 252 2210 2401 2602 2804 3014 3237 3462 3684 3929 4177 4436 4702 4969 5255 5535 5847 6152 6489 6836 7190 7572 7931 8313 8698 9108 9507 9927 
1 253 
14 254 5885 6156 6442 6752 7069 7385 7725 8050 8388 8725 9084 9430 9801 
11 255 6929 7239 7548 7858 8180 8496 8826 9171 9504 9857 
25 256 549 698 862 1054 1264 1493 1749 2045 2367 2694 3038 3400 3782 4189 4619 5066 5531 6037 6580 7169 7782 8401 9057 9732 
19 257 2845 3127 3410 3710 4021 4355 4704 5055 5416 5809 6216 6650 7117 7601 8092 8578 9103 9628 
14 258 3672 4027 4426 4829 5252 5687 6165 6672 7226 7794 8370 8961 9575 
20 259 4236 4471 4712 4950 5203 5467 5718 5995 6291 6596 6915 7248 7580 7903 8252 8597 8949 9312 9682 
3 260 9074 9723 
25 261 2347 2560 2788 3015 3247 3502 3751 4009 4289 4574 4871 5165 5484 5807 6149 6512 6888 7295 7689 8099 8520 8945 9381 9835 
1 262 
53 263 6586 6644 6716 6770 6835 6891 6954 7022 7076 7136 7203 7275 7332 7393 7470 7526 7591 7656 7721 7781 7844 7901 7971 8037 8104 8169 8231 8298 8368 8432 8497 8565 8628 8691 8770 8833 8903 8970 9042 9114 9183 9246 9316 9383 9455 9531 9595 9673 9744 9820 9885 9953 
13 264 5501 5839 6174 6534 6921 7323 7728 8136 8561 8994 9436 9892 
1 265 
17 266 2346 2676 3022 3385 3772 4179 4608 5057 5522 6029 6575 7167 7785 8406 9061 9738 
1 267 
23 268 8106 8193 8275 8363 8447 8541 8621 8702 8795 8873 8976 9063 9159 9243 9330 9423 9521 9610 9705 9797 9887 9979 
1 269 
11 270 5521 5930 6331 6781 7256 7730 8219 8710 9233 9771 
44 271 592 673 763 855 954 1062 1169 1292 1418 1548 1692 1845 2002 2176 2343 2523 2705 2893 3083 3283 3490 3687 3906 4134 4361 4599 4837 5092 5339 5607 5881 6159 6453 6766 7083 7417 7746 8096 8434 8786 9152 9510 9881 
3 272 9051 9766 
71 273 829 883 943 999 1058 1126 1183 1253 1321 1394 1467 1542 1617 1707 1787 1880 1973 2064 2160 2259 2355 2460 2555 2659 2765 2866 2974 3084 3199 3315 3424 3546 3660 3780 3904 4022 4158 4283 4424 4550 4692 4826 4963 5110 5253 5385 5539 5691 5862 6002 6170 6335 6511 6683 6866 7045 7241 7422 7614 7808 7994 8189 8383 8573 8781 8982 9187 9391 9597 9819 
43 274 5727 5828 5919 5984 6081 6166 6255 6349 6439 6533 6629 6728 6825 6923 7025 7122 7227 7329 7432 7535 7638 7735 7841 7937 8053 8157 8262 8372 8472 8577 8677 8798 8911 9019 9136 9240 9346 9464 9577 9700 9816 9930 
103 275 435 453 470 489 512 537 566 604 638 676 715 758 798 843 879 928 973 1021 1071 1119 1166 1217 1270 1329 1385 1440 1505 1564 1624 1690 1750 1822 1894 1971 2041 2121 2198 2278 2351 2431 2510 2596 2670 2755 2837 2921 3007 3093 3186 3269 3360 3457 3548 3640 3727 3830 3930 4019 4124 4228 4334 4440 4542 4654 4761 4870 4976 5094 5204 5321 5431 5554 5667 5790 5925 6042 6175 6306 6436 6571 6720 6863 7008 7145 7307 7455 7600 7739 7894 8052 8200 8357 8513 8658 8827 8989 9156 9310 9474 9636 9817 9975 
89 276 628 671 710 759 804 846 893 942 991 1042 1091 1146 1195 1258 1315 1372 1437 1506 1567 1635 1709 1771 1851 1925 2003 2089 2171 2256 2332 2422 2505 2598 2678 2770 2855 2950 3040 3131 3231 3327 3417 3523 3623 3716 3822 3931 4028 4148 4250 4364 4475 4591 4710 4820 4939 5060 5174 5300 5424 5553 5675 5816 5950 6084 6219 6363 6509 6651 6807 6959 7116 7284 7439 7598 7754 7911 8090 8242 8410 8572 8744 8920 9092 9260 9438 9617 9798 9972 
1 277 
17 278 5439 5674 5933 6177 6433 6714 6996 7291 7583 7874 8182 8481 8788 9112 9427 9761 
9 279 8738 8887 9055 9211 9361 9530 9695 9856 
125 280 412 422 440 454 469 484 501 518 542 565 598 622 656 689 719 755 790 823 858 897 932 971 1010 1048 1087 1131 1171 1212 1262 1305 1348 1401 1442 1495 1544 1591 1644 1708 1754 1811 1876 1934 1995 2056 2123 2185 2252 2310 2381 2443 2509 2578 2642 2710 2781 2847 2919 2988 3065 3135 3207 3287 3355 3436 3514 3585 3666 3740 3819 3903 3981 4066 4155 4237 4322 4414 4494 4586 4682 4766 4851 4942 5037 5132 5231 5323 5409 5510 5621 5704 5820 5924 6015 6130 6239 6346 6458 6567 6685 6805 6927 7042 7165 7300 7412 7542 7664 7791 7905 8038 8165 8291 8420 8549 8667 8806 8942 9085 9213 9339 9483 9625 9765 9904 
18 281 579 796 1046 1334 1666 2063 2496 2959 3455 3978 4560 5167 5840 6555 7357 8204 9089 
1 282 
1 283 
1 284 
11 285 7514 7751 8002 8250 8500 8756 9015 9273 9547 9823 
175 286 432 441 451 464 474 486 499 510 521 538 556 573 597 617 636 661 682 706 727 752 781 803 826 851 870 904 927 951 979 1008 1038 1063 1088 1124 1148 1177 1204 1239 1269 1304 1335 1362 1404 1436 1472 1509 1540 1576 1608 1645 1688 1729 1763 1804 1849 1891 1930 1978 2014 2061 2104 2148 2196 2238 2286 2328 2380 2424 2473 2516 2559 2612 2655 2704 2754 2803 2849 2900 2956 2997 3045 3105 3157 3201 3253 3310 3358 3411 3472 3524 3572 3633 3680 3736 3798 3855 3908 3963 4017 4086 4150 4203 4264 4323 4379 4448 4506 4566 4634 4697 4758 4819 4886 4948 5017 5083 5144 5214 5278 5344 5405 5482 5550 5624 5684 5762 5844 5920 5975 6050 6129 6204 6275 6360 6434 6517 6595 6673 6761 6847 6933 7017 7101 7183 7277 7349 7450 7534 7620 7712 7798 7881 7967 8066 8147 8236 8325 8416 8508 8601 8683 8787 8864 8972 9064 9169 9252 9344 9444 9545 9634 9742 9838 9937 
1 287 
18 288 718 959 1234 1558 1935 2365 2814 3305 3824 4394 4991 5644 6354 7138 7984 8849 9776 
50 289 1221 1307 1405 1502 1599 1711 1816 1941 2059 2187 2314 2447 2580 2709 2846 2987 3132 3280 3430 3582 3731 3896 4058 4226 4406 4572 4752 4932 5120 5309 5498 5689 5912 6109 6316 6545 6780 7021 7265 7507 7748 8006 8257 8511 8774 9034 9299 9572 9855 
19 290 2594 2878 3189 3506 3833 4183 4546 4928 5328 5733 6186 6653 7161 7685 8220 8768 9327 9922 
38 291 918 1025 1141 1265 1399 1533 1686 1848 2017 2200 2387 2573 2768 2967 3174 3381 3599 3826 4056 4298 4547 4800 5065 5334 5619 5914 6203 6522 6856 7198 7552 7898 8264 8633 9010 9394 9791 
16 292 3768 4091 4425 4770 5127 5502 5903 6309 6758 7231 7716 8205 8703 9228 9770 
1 293 
27 294 1120 1287 1464 1659 1881 2113 2363 2621 2877 3158 3449 3735 4046 4375 4719 5068 5429 5822 6222 6649 7107 7589 8074 8559 9066 9584 
38 295 371 403 447 506 584 694 812 937 1079 1220 1374 1549 1735 1942 2155 2383 2619 2851 3103 3354 3626 3902 4191 4487 4799 5125 5459 5804 6169 6556 6968 7391 7827 8268 8714 9190 9662 
1 296 
25 297 6678 6816 6948 7080 7221 7352 7496 7640 7776 7909 8060 8198 8343 8485 8629 8783 8929 9082 9227 9375 9534 9689 9847 9991 
1 298 
18 299 6867 7041 7225 7401 7594 7772 7954 8139 8330 8527 8707 8912 9111 9302 9505 9715 9923 
23 300 3476 3686 3919 4154 4401 4649 4906 5160 5434 5709 6005 6312 6634 6973 7322 7673 8031 8391 8760 9147 9526 9925 
24 301 3475 3677 3885 4105 4330 4564 4796 5042 5290 5548 5823 6096 6379 6684 7005 7327 7658 7987 8318 8656 9021 9373 9745 
13 302 7062 7306 7538 7775 8024 8260 8504 8758 9012 9265 9535 9802 
27 303 6969 7079 7194 7318 7426 7544 7659 7767 7886 8009 8120 8237 8359 8479 8600 8713 8841 8966 9094 9214 9332 9465 9593 9729 9858 9980 
42 304 1110 1207 1319 1434 1556 1683 1817 1967 2116 2274 2430 2597 2758 2926 3100 3274 3463 3646 3843 4033 4242 4458 4673 4890 5115 5342 5586 5834 6078 6336 6614 6898 7191 7493 7799 8101 8411 8726 9050 9374 9717 
13 305 5138 5473 5827 6191 6568 6987 7406 7842 8282 8731 9200 9675 
249 306 358 363 369 373 380 385 389 394 398 402 407 415 420 426 434 442 449 459 467 473 482 490 500 509 517 528 543 553 569 582 600 616 626 647 663 678 696 711 728 747 766 785 806 820 841 856 872 895 916 933 952 974 995 1017 1036 1056 1081 1098 1122 1139 1161 1182 1202 1229 1254 1275 1300 1327 1347 1369 1400 1425 1446 1475 1501 1524 1551 1577 1600 1632 1658 1689 1718 1743 1769 1803 1835 1868 1895 1926 1960 1990 2022 2054 2091 2124 2156 2190 2223 2258 2289 2324 2357 2395 2427 2467 2494 2529 2563 2603 2637 2667 2706 2741 2778 2811 2848 2887 2922 2962 2994 3037 3076 3116 3151 3192 3229 3258 3304 3344 3377 3415 3464 3504 3544 3578 3624 3662 3699 3741 3787 3827 3872 3912 3947 3990 4039 4085 4123 4169 4212 4259 4308 4350 4402 4444 4484 4529 4579 4628 4678 4721 4767 4807 4860 4913 4955 5000 5051 5103 5151 5196 5251 5294 5347 5390 5444 5499 5551 5608 5652 5697 5760 5817 5876 5931 5971 6022 6088 6140 6199 6253 6310 6372 6424 6493 6543 6603 6662 6730 6789 6854 6913 6978 7037 7103 7163 7236 7302 7351 7423 7489 7561 7618 7681 7741 7815 7876 7935 8017 8080 8137 8208 8274 8342 8404 8474 8546 8609 8666 8746 8812 8874 8952 9026 9100 9175 9232 9303 9372 9445 9524 9589 9663 9740 9815 9880 9951 
7 307 7932 8323 8721 9141 9549 9970 
37 308 1650 1785 1929 2083 2234 2398 2554 2720 2888 3064 3243 3419 3608 3803 3996 4205 4416 4632 4844 5073 5297 5530 5775 6027 6292 6565 6857 7141 7456 7745 8059 8371 8669 9006 9329 9669 
38 309 1107 1222 1342 1479 1609 1761 1922 2093 2267 2445 2632 2812 3005 3202 3404 3622 3840 4057 4288 4525 4775 5027 5280 5541 5825 6104 6399 6722 7039 7371 7726 8068 8409 8769 9137 9500 9879 
15 310 3655 3986 4343 4708 5085 5476 5895 6324 6800 7310 7822 8338 8865 9432 
24 311 1944 2179 2419 2664 2928 3196 3480 3765 4070 4393 4724 5063 5410 5785 6184 6598 7040 7505 7965 8450 8938 9441 9956 
1 312 
18 313 2818 3124 3439 3756 4103 4464 4835 5229 5632 6062 6525 7023 7536 8062 8596 9158 9733 
76 314 485 514 545 591 635 688 739 795 852 909 968 1029 1093 1157 1226 1298 1366 1449 1527 1604 1697 1780 1875 1975 2067 2169 2271 2378 2481 2589 2692 2802 2910 3023 3141 3251 3369 3497 3619 3739 3871 3995 4136 4269 4410 4540 4688 4828 4971 5123 5269 5414 5584 5726 5910 6065 6236 6409 6585 6776 6965 7156 7347 7555 7742 7940 8143 8355 8556 8765 8975 9193 9399 9623 9843 
1 315 
1 316 
1 317 
10 318 5769 6181 6607 7070 7545 8028 8519 9024 9548 
24 319 1634 1859 2102 2356 2627 2898 3187 3488 3795 4113 4466 4815 5190 5577 5973 6407 6870 7350 7855 8361 8868 9417 9964 
32 320 1639 1793 1972 2147 2331 2521 2715 2916 3121 3337 3551 3777 4002 4247 4496 4755 5021 5286 5572 5865 6157 6478 6808 7149 7511 7866 8228 8599 8979 9358 9763 
1 321 
18 322 3859 4147 4439 4741 5058 5380 5715 6083 6457 6862 7286 7708 8129 8575 9032 9499 9976 
42 323 2683 2806 2929 3051 3183 3314 3448 3573 3708 3854 3987 4146 4286 4442 4597 4751 4915 5074 5239 5395 5579 5748 5938 6114 6304 6502 6707 6907 7121 7336 7557 7763 7988 8212 8433 8650 8882 9133 9356 9604 9850 
7 324 7143 7635 8124 8632 9162 9697 
8 325 7271 7652 8036 8422 8821 9229 9644 
8 326 8079 8366 8647 8957 9259 9569 9890 
132 327 355 357 367 377 387 397 405 417 429 443 461 475 491 508 524 551 577 612 637 668 702 731 768 808 839 867 914 948 986 1023 1066 1108 1147 1189 1233 1278 1325 1363 1419 1466 1518 1565 1614 1671 1727 1781 1840 1898 1958 2019 2086 2145 2216 2279 2336 2407 2474 2538 2608 2669 2739 2807 2876 2953 3019 3087 3169 3241 3317 3386 3468 3545 3620 3690 3776 3858 3935 4012 4104 4187 4271 4357 4447 4530 4626 4713 4797 4896 4980 5075 5164 5266 5355 5457 5557 5651 5754 5866 5962 6069 6173 6278 6388 6506 6619 6739 6858 6974 7094 7215 7339 7474 7592 7717 7834 7956 8095 8218 8344 8470 8603 8732 8855 9001 9140 9263 9401 9543 9678 9821 9952 
113 328 494 513 534 561 587 619 653 687 720 760 794 830 863 907 946 987 1026 1074 1116 1155 1196 1248 1296 1344 1396 1444 1499 1552 1601 1661 1720 1777 1841 1902 1969 2033 2096 2167 2231 2301 2374 2438 2511 2584 2649 2728 2798 2869 2948 3020 3097 3179 3248 3335 3407 3495 3570 3654 3734 3823 3907 3988 4087 4171 4265 4353 4451 4536 4636 4729 4825 4922 5022 5117 5218 5319 5411 5515 5629 5722 5850 5954 6059 6178 6284 6403 6526 6643 6771 6896 7028 7152 7293 7415 7549 7678 7812 7934 8084 8216 8349 8482 8620 8759 8893 9040 9184 9322 9466 9614 9767 9910 
12 329 9528 9565 9612 9658 9708 9749 9796 9839 9878 9929 9965 
31 330 530 641 772 915 1065 1230 1415 1605 1824 2065 2318 2583 2850 3130 3425 3726 4049 4392 4740 5104 5479 5883 6294 6746 7224 7718 8213 8715 9247 9795 
63 331 4007 4090 4161 4231 4310 4376 4463 4528 4609 4691 4764 4842 4921 4994 5080 5156 5248 5327 5400 5491 5581 5658 5741 5846 5937 6009 6108 6201 6288 6384 6492 6582 6680 6786 6886 6995 7097 7201 7316 7413 7523 7629 7732 7843 7947 8067 8172 8280 8392 8501 8612 8723 8837 8951 9071 9194 9297 9418 9541 9657 9785 9901 
21 332 2940 3188 3442 3697 3968 4258 4552 4859 5169 5500 5851 6202 6573 6982 7392 7823 8245 8675 9146 9601 
214 333 353 356 359 364 370 375 383 388 395 399 404 411 419 424 438 444 456 465 472 483 492 504 515 523 541 555 571 589 611 624 645 664 684 705 723 745 765 788 810 827 853 865 896 919 941 964 988 1013 1039 1057 1084 1111 1134 1159 1185 1209 1238 1267 1295 1323 1349 1375 1411 1438 1470 1500 1530 1563 1588 1622 1654 1691 1723 1752 1789 1826 1866 1899 1939 1979 2007 2047 2090 2130 2166 2208 2248 2283 2323 2368 2406 2444 2487 2524 2564 2610 2644 2689 2734 2777 2816 2858 2902 2947 2985 3035 3079 3122 3172 3210 3255 3303 3349 3392 3447 3492 3538 3581 3631 3679 3721 3774 3820 3874 3922 3965 4014 4073 4119 4178 4227 4279 4335 4385 4441 4488 4545 4602 4661 4715 4768 4823 4879 4933 4985 5044 5106 5157 5222 5277 5336 5384 5453 5509 5580 5636 5692 5759 5833 5890 5953 6007 6079 6143 6208 6269 6338 6410 6486 6546 6620 6691 6763 6839 6908 6986 7053 7128 7205 7289 7348 7436 7512 7588 7662 7734 7820 7891 7960 8047 8121 8199 8279 8358 8437 8515 8593 8663 8755 8834 8918 9002 9086 9172 9245 9323 9410 9495 9576 9666 9754 9836 9926 
56 334 3730 3815 3901 3982 4069 4159 4243 4337 4428 4515 4605 4703 4789 4887 4978 5077 5168 5272 5367 5472 5576 5671 5773 5892 5988 6100 6212 6322 6440 6559 6675 6798 6926 7047 7176 7309 7435 7565 7687 7821 7936 8082 8207 8337 8471 8608 8740 8867 9016 9163 9292 9434 9574 9725 9867 
8 335 6785 7235 7686 8152 8624 9125 9618 
41 336 588 677 774 866 978 1095 1211 1341 1483 1626 1783 1952 2133 2311 2500 2696 2892 3096 3308 3526 3746 3974 4215 4467 4720 4975 5250 5517 5811 6111 6419 6748 7090 7452 7807 8163 8535 8908 9285 9681 
11 337 5181 5591 6006 6463 6951 7476 7985 8525 9069 9633 
25 338 1068 1247 1451 1672 1917 2188 2471 2760 3067 3379 3714 4064 4437 4816 5223 5641 6087 6562 7071 7609 8145 8699 9275 9871 
40 339 4538 4655 4765 4877 4984 5108 5225 5341 5466 5588 5696 5843 5964 6095 6226 6364 6505 6640 6791 6940 7085 7249 7389 7550 7707 7860 8023 8174 8329 8490 8640 8810 8983 9153 9313 9482 9651 9828 9993 
1 340 
1 341 
4 342 8818 9331 9869 
51 343 1387 1481 1571 1673 1773 1888 1997 2119 2237 2364 2488 2615 2737 2868 3003 3147 3279 3416 3559 3709 3863 4010 4174 4339 4499 4676 4840 5014 5191 5363 5552 5732 5942 6132 6334 6548 6768 6999 7228 7468 7692 7925 8167 8405 8642 8901 9161 9409 9671 9936 
1 344 
44 345 4244 4349 4457 4555 4667 4769 4875 4981 5097 5205 5320 5428 5544 5661 5781 5922 6024 6158 6282 6416 6551 6687 6830 6970 7113 7267 7403 7562 7706 7850 8000 8148 8299 8454 8607 8762 8921 9083 9234 9396 9557 9730 9891 
1 346 
2 347 9090 
13 348 8661 8785 8892 9011 9134 9244 9353 9475 9591 9720 9833 9950 
1 349 
